18:05:14.744 [main                     ] DEBUG Logger               - Configured Logger
18:05:14.920 [main                     ] DEBUG GameApplication      - Logging settings
Title: Untitled
Version: 0.0
Width: 800
Height: 600
Fullscreen: false
Intro: false
Profiling: false
Single step:false
App Mode: DEVELOPER
Menu Key: ESCAPE
Stage Style: DECORATED
Scene Factory: class com.almasb.fxgl.app.scene.SceneFactory

18:05:16.578 [JavaFX Application Thread] DEBUG FXGLApplication      - Initializing FXGL
18:05:16.607 [JavaFX Application Thread] INFO  Engine               - FXGL-17.2 (20.08.2022 16.50) on WINDOWS (J:20.0.2 FX:18)
18:05:16.610 [JavaFX Application Thread] DEBUG Engine               - JRE Vendor Name: Oracle Corporation
18:05:16.611 [JavaFX Application Thread] DEBUG Engine               - Running on OS: Windows 10 version 10.0
18:05:16.613 [JavaFX Application Thread] DEBUG Engine               - Architecture: amd64
18:05:16.613 [JavaFX Application Thread] INFO  Engine               - Source code and latest versions at: https://github.com/AlmasB/FXGL
18:05:16.614 [JavaFX Application Thread] INFO  Engine               -       Ask questions and discuss at: https://github.com/AlmasB/FXGL/discussions
18:05:16.615 [JavaFX Application Thread] INFO  Engine               -              Join the FXGL chat at: https://gitter.im/AlmasB/FXGL
18:05:17.206 [JavaFX Application Thread] DEBUG PrimaryStageWindow   - Creating a JavaFX scene
18:05:17.439 [JavaFX Application Thread] DEBUG PrimaryStageWindow   - Target settings size: 800.0 x 600.0
18:05:17.441 [JavaFX Application Thread] DEBUG PrimaryStageWindow   - Scaled scene size:    800.0 x 600.0
18:05:17.442 [JavaFX Application Thread] DEBUG PrimaryStageWindow   - Scaled ratio: (1.0, 1.0)
18:05:17.447 [JavaFX Application Thread] DEBUG PrimaryStageWindow   - Set initial scene to FXGLStartupScene
18:05:17.483 [JavaFX Application Thread] DEBUG PrimaryStageWindow   - Opening main window
18:05:17.929 [JavaFX Application Thread] DEBUG PrimaryStageWindow   - Window border size: (14.66668701171875, 37.33331298828125)
18:05:17.931 [JavaFX Application Thread] DEBUG PrimaryStageWindow   - Scaled size: 800.0 x 600.0
18:05:17.932 [JavaFX Application Thread] DEBUG PrimaryStageWindow   - Scaled ratio: (1.0, 1.0)
18:05:17.934 [JavaFX Application Thread] DEBUG PrimaryStageWindow   - Scene size: 800.0 x 600.0
18:05:17.936 [JavaFX Application Thread] DEBUG PrimaryStageWindow   - Stage size: 814.6666870117188 x 637.3333129882812
18:05:17.986 [FXGL Background Thread 1 ] DEBUG Engine               - Initializing environment variables
18:05:18.303 [FXGL Background Thread 1 ] DEBUG FXGLAssetLoaderServi - User app class for loading assets: class demo.attempt4.SimpleGameApp
18:05:18.305 [FXGL Background Thread 1 ] DEBUG GameApplicationServi - Applying CSS: fxgl_dark.css
18:05:18.309 [FXGL Background Thread 1 ] DEBUG FXGLAssetLoaderServi - Loading from file system: jar:file:///C:/Users/APC/.m2/repository/com/github/almasb/fxgl/17.2/fxgl-17.2.jar!/fxglassets/ui/css/fxgl_dark.css
18:05:18.596 [FXGL Background Thread 1 ] DEBUG GameApplicationServi - Initializing application scenes
18:05:18.831 [FXGL Background Thread 1 ] DEBUG GameWorld            - Game world initialized
18:05:19.232 [FXGL Background Thread 1 ] DEBUG PhysicsWorld         - Physics world initialized: appHeight=600, physics.ppm=50.0
18:05:19.234 [FXGL Background Thread 1 ] DEBUG PhysicsWorld         - Using strategy: BRUTE_FORCE
18:05:19.264 [FXGL Background Thread 1 ] DEBUG GameScene            - Game scene initialized: 800x600
18:05:19.337 [FXGL Background Thread 1 ] DEBUG FXGL.DefaultMenu     - createMenuBodyGameMenu()
18:05:19.419 [FXGL Background Thread 1 ] DEBUG FXGL.DefaultMenu     - createOptionsMenu()
18:05:19.489 [FXGL Background Thread 1 ] DEBUG FXGLAssetLoaderServi - Loading from file system: jar:file:///C:/Users/APC/.m2/repository/com/github/almasb/fxgl/17.2/fxgl-17.2.jar!/fxglassets/textures/particles/smoke.png
18:05:20.041 [FXGL Background Thread 1 ] DEBUG FXGLAssetLoaderServi - Loading from file system: jar:file:///C:/Users/APC/.m2/repository/com/github/almasb/fxgl/17.2/fxgl-17.2.jar!/fxglassets/textures/particles/trace_horizontal.png
18:05:20.253 [FXGL Background Thread 1 ] DEBUG GameApplicationServi - Application scenes initialized
18:05:20.338 [FXGL Background Thread 1 ] DEBUG SystemBundleService  - Loading FXGL system data
18:05:20.363 [FXGL Background Thread 1 ] DEBUG FileSystemAccess     - Reading from: G:\Duy\UET\OOP\Solo Projects\attempt4\system\fxgl.bundle
18:05:20.422 [FXGL Background Thread 1 ] DEBUG SystemBundleService  - Bundle FXGL: {}
18:05:20.423 [FXGL Background Thread 1 ] DEBUG UpdaterService       - Checking for updates
18:05:20.456 [FXGL Background Thread 1 ] DEBUG FXGLApplication      - Loading default localization
18:05:20.456 [FXGL Background Thread 4 ] DEBUG FXGLApplication      - Loading fonts
18:05:20.458 [FXGL Background Thread 4 ] DEBUG FXGLAssetLoaderServi - Loading from file system: jar:file:///C:/Users/APC/.m2/repository/com/github/almasb/fxgl/17.2/fxgl-17.2.jar!/fxglassets/ui/fonts/VarelaRound-Regular.ttf
18:05:20.459 [FXGL Background Thread 1 ] DEBUG FXGLAssetLoaderServi - Loading from file system: jar:file:///C:/Users/APC/.m2/repository/com/github/almasb/fxgl/17.2/fxgl-17.2.jar!/fxglassets/languages/english.lang
18:05:20.584 [FXGL Background Thread 1 ] INFO  FXGLApplication      - FXGL initialization took: 2.597 sec
18:05:20.592 [JavaFX Application Thread] DEBUG FXGLAssetLoaderServi - Loading from file system: jar:file:///C:/Users/APC/.m2/repository/com/github/almasb/fxgl/17.2/fxgl-17.2.jar!/fxglassets/textures/fxgl_icon.png
18:05:20.701 [JavaFX Application Thread] DEBUG FXGLAssetLoaderServi - Loading from file system: jar:file:///C:/Users/APC/.m2/repository/com/github/almasb/fxgl/17.2/fxgl-17.2.jar!/fxglassets/textures/fxgl_default_cursor.png
18:05:20.761 [JavaFX Application Thread] DEBUG Input                - Registered new binding: Screenshot - CTRL+8
18:05:20.764 [JavaFX Application Thread] DEBUG Input                - Registered new binding: System info dump - CTRL+9
18:05:20.765 [JavaFX Application Thread] DEBUG Input                - Registered new binding: Restart - CTRL+R
18:05:20.770 [JavaFX Application Thread] DEBUG Input                - Registered new binding: Toggle Debug Camera - CTRL+7
18:05:20.782 [JavaFX Application Thread] DEBUG LoopRunner           - Starting loop
18:05:20.782 [JavaFX Application Thread] DEBUG LoopRunner           - Initializing JavaFX AnimationTimerLoop
18:05:20.793 [JavaFX Application Thread] DEBUG GameApplicationServi - Starting new game
18:05:20.796 [JavaFX Application Thread] DEBUG Input                - Clearing active input actions
18:05:20.877 [JavaFX Application Thread] DEBUG GameApplicationServi - Removing overlay from FXGLStartupScene and adding to FXGLLoadingScene
18:05:20.880 [JavaFX Application Thread] DEBUG PrimaryStageWindow   - FXGLStartupScene -> FXGLLoadingScene
18:05:20.880 [JavaFX Application Thread] DEBUG GameApplicationServi - Clearing previous game
18:05:20.881 [JavaFX Application Thread] DEBUG GameScene            - Clearing game scene
18:05:20.881 [JavaFX Application Thread] DEBUG GameWorld            - Clearing game world
18:05:20.882 [JavaFX Application Thread] DEBUG PhysicsWorld         - Clearing physics world
18:05:20.889 [FXGL Background Thread 1 ] DEBUG FXGLApplication      - Initializing game
18:05:20.929 [FXGL Background Thread 1 ] INFO  FXGLApplication      - Game initialization took: 0.039 sec
18:05:21.057 [FXGL Background Thread 4 ] DEBUG FXGLAssetLoaderServi - Loading from file system: jar:file:///C:/Users/APC/.m2/repository/com/github/almasb/fxgl/17.2/fxgl-17.2.jar!/fxglassets/ui/fonts/Abel-Regular.ttf
18:05:21.131 [JavaFX Application Thread] DEBUG Input                - Clearing active input actions
18:05:21.191 [JavaFX Application Thread] DEBUG GameApplicationServi - Removing overlay from FXGLLoadingScene and adding to GameScene
18:05:21.193 [JavaFX Application Thread] DEBUG PrimaryStageWindow   - FXGLLoadingScene -> GameScene
18:05:21.216 [FXGL Background Thread 4 ] DEBUG FXGLAssetLoaderServi - Loading from file system: jar:file:///C:/Users/APC/.m2/repository/com/github/almasb/fxgl/17.2/fxgl-17.2.jar!/fxglassets/ui/fonts/TerminalLandMono-Regular.otf
18:05:21.292 [FXGL Background Thread 4 ] DEBUG FXGLAssetLoaderServi - Loading from file system: jar:file:///C:/Users/APC/.m2/repository/com/github/almasb/fxgl/17.2/fxgl-17.2.jar!/fxglassets/ui/fonts/Courier-Prime.ttf
18:05:21.600 [JavaFX Application Thread] DEBUG FXGLApplication      - Registering font factories with UI factory
18:05:22.553 [JavaFX Application Thread] DEBUG FXGLAssetLoaderServi - Loading from file system: file:/G:/Duy/UET/OOP/Solo%20Projects/attempt4/target/classes/assets/textures/balloom.png
18:05:22.620 [JavaFX Application Thread] DEBUG FXGLAssetLoaderServi - Loading from file system: file:/G:/Duy/UET/OOP/Solo%20Projects/attempt4/target/classes/assets/textures/brick.png
18:05:23.445 [FXGL Background Thread 3 ] DEBUG Engine               - Logging environment variables
18:05:23.447 [FXGL Background Thread 3 ] DEBUG Engine               - achievements: []
18:05:23.448 [FXGL Background Thread 3 ] DEBUG Engine               - actualHeight: 600.0
18:05:23.448 [FXGL Background Thread 3 ] DEBUG Engine               - actualHeightProperty: ReadOnlyDoubleProperty [value: 600.0]
18:05:23.448 [FXGL Background Thread 3 ] DEBUG Engine               - actualWidth: 800.0
18:05:23.449 [FXGL Background Thread 3 ] DEBUG Engine               - actualWidthProperty: ReadOnlyDoubleProperty [value: 800.0]
18:05:23.449 [FXGL Background Thread 3 ] DEBUG Engine               - appIcon: fxgl_icon.png
18:05:23.449 [FXGL Background Thread 3 ] DEBUG Engine               - applicationMode: DEVELOPER
18:05:23.450 [FXGL Background Thread 3 ] DEBUG Engine               - cSSList: [fxgl_dark.css]
18:05:23.450 [FXGL Background Thread 3 ] DEBUG Engine               - collisionDetectionStrategy: BRUTE_FORCE
18:05:23.450 [FXGL Background Thread 3 ] DEBUG Engine               - configClass: Optional.empty
18:05:23.451 [FXGL Background Thread 3 ] DEBUG Engine               - credits: []
18:05:23.453 [FXGL Background Thread 3 ] DEBUG Engine               - defaultCursor: CursorInfo(imageName=fxgl_default_cursor.png, hotspotX=7.0, hotspotY=6.0)
18:05:23.455 [FXGL Background Thread 3 ] DEBUG Engine               - devBBoxColorProperty: ObjectProperty [value: 0xff0000ff]
18:05:23.456 [FXGL Background Thread 3 ] DEBUG Engine               - devEnableDebugCameraProperty: BooleanProperty [value: false]
18:05:23.458 [FXGL Background Thread 3 ] DEBUG Engine               - devSensorColorProperty: ObjectProperty [value: 0xffff00ff]
18:05:23.458 [FXGL Background Thread 3 ] DEBUG Engine               - devShowBBoxProperty: BooleanProperty [value: false]
18:05:23.459 [FXGL Background Thread 3 ] DEBUG Engine               - devShowPositionProperty: BooleanProperty [value: false]
18:05:23.460 [FXGL Background Thread 3 ] DEBUG Engine               - enabledMenuItems: []
18:05:23.460 [FXGL Background Thread 3 ] DEBUG Engine               - engineServices: [class com.almasb.fxgl.app.services.FXGLAssetLoaderService, class com.almasb.fxgl.app.FXGLApplication$GameApplicationService, class com.almasb.fxgl.app.services.FXGLDialogService, class com.almasb.fxgl.app.services.IOTaskExecutorService, class com.almasb.fxgl.io.FileSystemService, class com.almasb.fxgl.localization.LocalizationService, class com.almasb.fxgl.app.services.SystemBundleService, class com.almasb.fxgl.profile.SaveLoadService, class com.almasb.fxgl.ui.FXGLUIFactoryServiceProvider, class com.almasb.fxgl.ui.FXGLDialogFactoryServiceProvider, class com.almasb.fxgl.audio.AudioPlayer, class com.almasb.fxgl.notification.impl.NotificationServiceProvider, class com.almasb.fxgl.achievement.AchievementService, class com.almasb.fxgl.cutscene.CutsceneService, class com.almasb.fxgl.minigames.MiniGameService, class com.almasb.fxgl.net.NetService, class com.almasb.fxgl.app.services.UpdaterService, class com.almasb.fxgl.dev.DevService]
18:05:23.461 [FXGL Background Thread 3 ] DEBUG Engine               - fontGame: Abel-Regular.ttf
18:05:23.461 [FXGL Background Thread 3 ] DEBUG Engine               - fontMono: TerminalLandMono-Regular.otf
18:05:23.461 [FXGL Background Thread 3 ] DEBUG Engine               - fontText: Courier-Prime.ttf
18:05:23.462 [FXGL Background Thread 3 ] DEBUG Engine               - fontUI: VarelaRound-Regular.ttf
18:05:23.462 [FXGL Background Thread 3 ] DEBUG Engine               - fullScreen: BooleanProperty [value: false]
18:05:23.462 [FXGL Background Thread 3 ] DEBUG Engine               - gameDifficulty: MEDIUM
18:05:23.463 [FXGL Background Thread 3 ] DEBUG Engine               - gameDifficultyProperty: ObjectProperty [value: MEDIUM]
18:05:23.463 [FXGL Background Thread 3 ] DEBUG Engine               - globalMusicVolume: 0.5
18:05:23.463 [FXGL Background Thread 3 ] DEBUG Engine               - globalMusicVolumeProperty: DoubleProperty [value: 0.5]
18:05:23.464 [FXGL Background Thread 3 ] DEBUG Engine               - globalSoundVolume: 0.5
18:05:23.465 [FXGL Background Thread 3 ] DEBUG Engine               - globalSoundVolumeProperty: DoubleProperty [value: 0.5]
18:05:23.465 [FXGL Background Thread 3 ] DEBUG Engine               - height: 600
18:05:23.465 [FXGL Background Thread 3 ] DEBUG Engine               - is3D: false
18:05:23.466 [FXGL Background Thread 3 ] DEBUG Engine               - isAndroid: false
18:05:23.466 [FXGL Background Thread 3 ] DEBUG Engine               - isBrowser: false
18:05:23.466 [FXGL Background Thread 3 ] DEBUG Engine               - isClickFeedbackEnabled: false
18:05:23.466 [FXGL Background Thread 3 ] DEBUG Engine               - isCloseConfirmation: false
18:05:23.466 [FXGL Background Thread 3 ] DEBUG Engine               - isDesktop: true
18:05:23.466 [FXGL Background Thread 3 ] DEBUG Engine               - isDeveloperMenuEnabled: false
18:05:23.466 [FXGL Background Thread 3 ] DEBUG Engine               - isEmbedded: false
18:05:23.467 [FXGL Background Thread 3 ] DEBUG Engine               - isEntityPreloadEnabled: true
18:05:23.467 [FXGL Background Thread 3 ] DEBUG Engine               - isExperimentalTiledLargeMap: false
18:05:23.469 [FXGL Background Thread 3 ] DEBUG Engine               - isFileSystemWriteAllowed: true
18:05:23.469 [FXGL Background Thread 3 ] DEBUG Engine               - isFullScreenAllowed: false
18:05:23.470 [FXGL Background Thread 3 ] DEBUG Engine               - isFullScreenFromStart: false
18:05:23.470 [FXGL Background Thread 3 ] DEBUG Engine               - isGameMenuEnabled: true
18:05:23.471 [FXGL Background Thread 3 ] DEBUG Engine               - isIOS: false
18:05:23.471 [FXGL Background Thread 3 ] DEBUG Engine               - isIntroEnabled: false
18:05:23.472 [FXGL Background Thread 3 ] DEBUG Engine               - isLinux: false
18:05:23.473 [FXGL Background Thread 3 ] DEBUG Engine               - isMac: false
18:05:23.473 [FXGL Background Thread 3 ] DEBUG Engine               - isMainMenuEnabled: false
18:05:23.474 [FXGL Background Thread 3 ] DEBUG Engine               - isManualResizeEnabled: false
18:05:23.475 [FXGL Background Thread 3 ] DEBUG Engine               - isMobile: false
18:05:23.475 [FXGL Background Thread 3 ] DEBUG Engine               - isNative: false
18:05:23.476 [FXGL Background Thread 3 ] DEBUG Engine               - isPauseMusicWhenMinimized: true
18:05:23.476 [FXGL Background Thread 3 ] DEBUG Engine               - isPreserveResizeRatio: false
18:05:23.477 [FXGL Background Thread 3 ] DEBUG Engine               - isProfilingEnabled: false
18:05:23.478 [FXGL Background Thread 3 ] DEBUG Engine               - isScaleAffectedOnResize: true
18:05:23.478 [FXGL Background Thread 3 ] DEBUG Engine               - isSingleStep: false
18:05:23.479 [FXGL Background Thread 3 ] DEBUG Engine               - isUserProfileEnabled: false
18:05:23.479 [FXGL Background Thread 3 ] DEBUG Engine               - isWindows: true
18:05:23.480 [FXGL Background Thread 3 ] DEBUG Engine               - language: ObjectProperty [value: ENGLISH]
18:05:23.480 [FXGL Background Thread 3 ] DEBUG Engine               - menuKey: ESCAPE
18:05:23.481 [FXGL Background Thread 3 ] DEBUG Engine               - mouseSensitivity: 0.2
18:05:23.481 [FXGL Background Thread 3 ] DEBUG Engine               - notificationViewClass: class com.almasb.fxgl.notification.view.XboxNotificationView
18:05:23.482 [FXGL Background Thread 3 ] DEBUG Engine               - pixelsPerMeter: 50.0
18:05:23.482 [FXGL Background Thread 3 ] DEBUG Engine               - platform: WINDOWS
18:05:23.483 [FXGL Background Thread 3 ] DEBUG Engine               - prefHeightProperty: ReadOnlyDoubleProperty [value: 600.0]
18:05:23.483 [FXGL Background Thread 3 ] DEBUG Engine               - prefWidthProperty: ReadOnlyDoubleProperty [value: 800.0]
18:05:23.483 [FXGL Background Thread 3 ] DEBUG Engine               - profileDir: profiles/
18:05:23.484 [FXGL Background Thread 3 ] DEBUG Engine               - profileName: StringProperty [value: DEFAULT]
18:05:23.484 [FXGL Background Thread 3 ] DEBUG Engine               - randomSeed: -1
18:05:23.487 [FXGL Background Thread 3 ] DEBUG Engine               - runtimeInfo: RuntimeInfo(platform=WINDOWS, version=17.2, build=20.08.2022 16.50)
18:05:23.487 [FXGL Background Thread 3 ] DEBUG Engine               - saveFileExt: sav
18:05:23.488 [FXGL Background Thread 3 ] DEBUG Engine               - scaledHeightProp$fxgl: DoubleProperty [bound, value: 600.0]
18:05:23.489 [FXGL Background Thread 3 ] DEBUG Engine               - scaledWidthProp$fxgl: DoubleProperty [bound, value: 800.0]
18:05:23.490 [FXGL Background Thread 3 ] DEBUG Engine               - sceneFactory: com.almasb.fxgl.app.scene.SceneFactory@521d2f5f
18:05:23.491 [FXGL Background Thread 3 ] DEBUG Engine               - secondsIn24h: 60
18:05:23.491 [FXGL Background Thread 3 ] DEBUG Engine               - soundMenuBack: menu/back.wav
18:05:23.492 [FXGL Background Thread 3 ] DEBUG Engine               - soundMenuPress: menu/press.wav
18:05:23.492 [FXGL Background Thread 3 ] DEBUG Engine               - soundMenuSelect: menu/select.wav
18:05:23.493 [FXGL Background Thread 3 ] DEBUG Engine               - soundNotification: core/notification.wav
18:05:23.493 [FXGL Background Thread 3 ] DEBUG Engine               - stageStyle: DECORATED
18:05:23.494 [FXGL Background Thread 3 ] DEBUG Engine               - supportedLanguages: [ENGLISH, FRENCH, GERMAN, HUNGARIAN, RUSSIAN]
18:05:23.494 [FXGL Background Thread 3 ] DEBUG Engine               - ticksPerSecond: -1
18:05:23.494 [FXGL Background Thread 3 ] DEBUG Engine               - title: Untitled
18:05:23.495 [FXGL Background Thread 3 ] DEBUG Engine               - urlGithub: https://github.com/AlmasB/FXGL
18:05:23.495 [FXGL Background Thread 3 ] DEBUG Engine               - urlLeaderboard: http://fxgl-top.herokuapp.com/
18:05:23.496 [FXGL Background Thread 3 ] DEBUG Engine               - urlPOM: https://raw.githubusercontent.com/AlmasB/FXGL/release/README.md
18:05:23.496 [FXGL Background Thread 3 ] DEBUG Engine               - userAppClass: class demo.attempt4.SimpleGameApp
18:05:23.496 [FXGL Background Thread 3 ] DEBUG Engine               - version: 0.0
18:05:23.497 [FXGL Background Thread 3 ] DEBUG Engine               - versionCheckDays: 7
18:05:23.497 [FXGL Background Thread 3 ] DEBUG Engine               - width: 800
18:05:23.498 [FXGL Background Thread 3 ] DEBUG Engine               - Logging services
18:05:23.498 [FXGL Background Thread 3 ] DEBUG Engine               - class com.almasb.fxgl.app.services.FXGLAssetLoaderService
18:05:23.499 [FXGL Background Thread 3 ] DEBUG Engine               - class com.almasb.fxgl.app.FXGLApplication$GameApplicationService
18:05:23.500 [FXGL Background Thread 3 ] DEBUG Engine               - class com.almasb.fxgl.app.services.FXGLDialogService
18:05:23.500 [FXGL Background Thread 3 ] DEBUG Engine               - class com.almasb.fxgl.app.services.IOTaskExecutorService
18:05:23.501 [FXGL Background Thread 3 ] DEBUG Engine               - class com.almasb.fxgl.io.FileSystemService
18:05:23.501 [FXGL Background Thread 3 ] DEBUG Engine               - class com.almasb.fxgl.localization.LocalizationService
18:05:23.503 [FXGL Background Thread 3 ] DEBUG Engine               - class com.almasb.fxgl.app.services.SystemBundleService
18:05:23.503 [FXGL Background Thread 3 ] DEBUG Engine               - class com.almasb.fxgl.profile.SaveLoadService
18:05:23.504 [FXGL Background Thread 3 ] DEBUG Engine               - class com.almasb.fxgl.ui.FXGLUIFactoryServiceProvider
18:05:23.505 [FXGL Background Thread 3 ] DEBUG Engine               - class com.almasb.fxgl.ui.FXGLDialogFactoryServiceProvider
18:05:23.506 [FXGL Background Thread 3 ] DEBUG Engine               - class com.almasb.fxgl.audio.AudioPlayer
18:05:23.507 [FXGL Background Thread 3 ] DEBUG Engine               - class com.almasb.fxgl.notification.impl.NotificationServiceProvider
18:05:23.508 [FXGL Background Thread 3 ] DEBUG Engine               - class com.almasb.fxgl.achievement.AchievementService
18:05:23.508 [FXGL Background Thread 3 ] DEBUG Engine               - class com.almasb.fxgl.cutscene.CutsceneService
18:05:23.508 [FXGL Background Thread 3 ] DEBUG Engine               - class com.almasb.fxgl.minigames.MiniGameService
18:05:23.509 [FXGL Background Thread 3 ] DEBUG Engine               - class com.almasb.fxgl.net.NetService
18:05:23.509 [FXGL Background Thread 3 ] DEBUG Engine               - class com.almasb.fxgl.app.services.UpdaterService
18:05:23.510 [FXGL Background Thread 3 ] DEBUG Engine               - class com.almasb.fxgl.dev.DevService
18:05:26.538 [FXGL Background Thread 2 ] INFO  UpdaterService       - Your current version:  17.2
18:05:26.540 [FXGL Background Thread 2 ] INFO  UpdaterService       - Latest stable version: 17.3
18:05:48.792 [JavaFX Application Thread] DEBUG FXGLApplication      - Exiting FXGL
18:05:48.793 [JavaFX Application Thread] DEBUG LoopRunner           - Stopping loop
18:05:48.793 [JavaFX Application Thread] DEBUG SystemBundleService  - Saving FXGL system data
18:05:48.805 [JavaFX Application Thread] DEBUG FileSystemAccess     - Writing to: G:\Duy\UET\OOP\Solo Projects\attempt4\system\fxgl.bundle
18:05:48.820 [JavaFX Application Thread] DEBUG Async                - Shutting down background threads
18:05:48.821 [JavaFX Application Thread] DEBUG PrimaryStageWindow   - Closing main window
18:05:48.892 [JavaFX Application Thread] DEBUG Logger               - Closing Logger
