18:06:23.273 [main                     ] DEBUG Logger               - Configured Logger
18:06:23.422 [main                     ] DEBUG GameApplication      - Logging settings
Title: Untitled
Version: 0.0
Width: 800
Height: 600
Fullscreen: false
Intro: false
Profiling: false
Single step:false
App Mode: DEVELOPER
Menu Key: ESCAPE
Stage Style: DECORATED
Scene Factory: class com.almasb.fxgl.app.scene.SceneFactory

18:06:24.909 [JavaFX Application Thread] DEBUG FXGLApplication      - Initializing FXGL
18:06:24.928 [JavaFX Application Thread] INFO  Engine               - FXGL-17.2 (20.08.2022 16.50) on WINDOWS (J:20.0.2 FX:18)
18:06:24.930 [JavaFX Application Thread] DEBUG Engine               - JRE Vendor Name: Oracle Corporation
18:06:24.931 [JavaFX Application Thread] DEBUG Engine               - Running on OS: Windows 10 version 10.0
18:06:24.932 [JavaFX Application Thread] DEBUG Engine               - Architecture: amd64
18:06:24.933 [JavaFX Application Thread] INFO  Engine               - Source code and latest versions at: https://github.com/AlmasB/FXGL
18:06:24.934 [JavaFX Application Thread] INFO  Engine               -       Ask questions and discuss at: https://github.com/AlmasB/FXGL/discussions
18:06:24.935 [JavaFX Application Thread] INFO  Engine               -              Join the FXGL chat at: https://gitter.im/AlmasB/FXGL
18:06:25.390 [JavaFX Application Thread] DEBUG PrimaryStageWindow   - Creating a JavaFX scene
18:06:25.643 [JavaFX Application Thread] DEBUG PrimaryStageWindow   - Target settings size: 800.0 x 600.0
18:06:25.645 [JavaFX Application Thread] DEBUG PrimaryStageWindow   - Scaled scene size:    800.0 x 600.0
18:06:25.647 [JavaFX Application Thread] DEBUG PrimaryStageWindow   - Scaled ratio: (1.0, 1.0)
18:06:25.652 [JavaFX Application Thread] DEBUG PrimaryStageWindow   - Set initial scene to FXGLStartupScene
18:06:25.696 [JavaFX Application Thread] DEBUG PrimaryStageWindow   - Opening main window
18:06:26.095 [JavaFX Application Thread] DEBUG PrimaryStageWindow   - Window border size: (14.66668701171875, 37.33331298828125)
18:06:26.097 [JavaFX Application Thread] DEBUG PrimaryStageWindow   - Scaled size: 800.0 x 600.0
18:06:26.099 [JavaFX Application Thread] DEBUG PrimaryStageWindow   - Scaled ratio: (1.0, 1.0)
18:06:26.101 [JavaFX Application Thread] DEBUG PrimaryStageWindow   - Scene size: 800.0 x 600.0
18:06:26.103 [JavaFX Application Thread] DEBUG PrimaryStageWindow   - Stage size: 814.6666870117188 x 637.3333129882812
18:06:26.155 [FXGL Background Thread 1 ] DEBUG Engine               - Initializing environment variables
18:06:26.445 [FXGL Background Thread 1 ] DEBUG FXGLAssetLoaderServi - User app class for loading assets: class demo.attempt4.SimpleGameApp
18:06:26.447 [FXGL Background Thread 1 ] DEBUG GameApplicationServi - Applying CSS: fxgl_dark.css
18:06:26.452 [FXGL Background Thread 1 ] DEBUG FXGLAssetLoaderServi - Loading from file system: jar:file:///C:/Users/APC/.m2/repository/com/github/almasb/fxgl/17.2/fxgl-17.2.jar!/fxglassets/ui/css/fxgl_dark.css
18:06:26.709 [FXGL Background Thread 1 ] DEBUG GameApplicationServi - Initializing application scenes
18:06:26.917 [FXGL Background Thread 1 ] DEBUG GameWorld            - Game world initialized
18:06:27.245 [FXGL Background Thread 1 ] DEBUG PhysicsWorld         - Physics world initialized: appHeight=600, physics.ppm=50.0
18:06:27.246 [FXGL Background Thread 1 ] DEBUG PhysicsWorld         - Using strategy: BRUTE_FORCE
18:06:27.271 [FXGL Background Thread 1 ] DEBUG GameScene            - Game scene initialized: 800x600
18:06:27.334 [FXGL Background Thread 1 ] DEBUG FXGL.DefaultMenu     - createMenuBodyGameMenu()
18:06:27.403 [FXGL Background Thread 1 ] DEBUG FXGL.DefaultMenu     - createOptionsMenu()
18:06:27.474 [FXGL Background Thread 1 ] DEBUG FXGLAssetLoaderServi - Loading from file system: jar:file:///C:/Users/APC/.m2/repository/com/github/almasb/fxgl/17.2/fxgl-17.2.jar!/fxglassets/textures/particles/smoke.png
18:06:28.035 [FXGL Background Thread 1 ] DEBUG FXGLAssetLoaderServi - Loading from file system: jar:file:///C:/Users/APC/.m2/repository/com/github/almasb/fxgl/17.2/fxgl-17.2.jar!/fxglassets/textures/particles/trace_horizontal.png
18:06:28.237 [FXGL Background Thread 1 ] DEBUG GameApplicationServi - Application scenes initialized
18:06:28.320 [FXGL Background Thread 1 ] DEBUG SystemBundleService  - Loading FXGL system data
18:06:28.373 [FXGL Background Thread 1 ] DEBUG FileSystemAccess     - Reading from: G:\Duy\UET\OOP\Solo Projects\attempt4\system\fxgl.bundle
18:06:28.434 [FXGL Background Thread 1 ] DEBUG SystemBundleService  - Bundle FXGL: {}
18:06:28.434 [FXGL Background Thread 1 ] DEBUG UpdaterService       - Checking for updates
18:06:28.464 [FXGL Background Thread 1 ] DEBUG FXGLApplication      - Loading default localization
18:06:28.468 [FXGL Background Thread 1 ] DEBUG FXGLAssetLoaderServi - Loading from file system: jar:file:///C:/Users/APC/.m2/repository/com/github/almasb/fxgl/17.2/fxgl-17.2.jar!/fxglassets/languages/english.lang
18:06:28.470 [FXGL Background Thread 4 ] DEBUG FXGLApplication      - Loading fonts
18:06:28.473 [FXGL Background Thread 4 ] DEBUG FXGLAssetLoaderServi - Loading from file system: jar:file:///C:/Users/APC/.m2/repository/com/github/almasb/fxgl/17.2/fxgl-17.2.jar!/fxglassets/ui/fonts/VarelaRound-Regular.ttf
18:06:28.564 [FXGL Background Thread 1 ] INFO  FXGLApplication      - FXGL initialization took: 2.409 sec
18:06:28.569 [JavaFX Application Thread] DEBUG FXGLAssetLoaderServi - Loading from file system: jar:file:///C:/Users/APC/.m2/repository/com/github/almasb/fxgl/17.2/fxgl-17.2.jar!/fxglassets/textures/fxgl_icon.png
18:06:28.672 [JavaFX Application Thread] DEBUG FXGLAssetLoaderServi - Loading from file system: jar:file:///C:/Users/APC/.m2/repository/com/github/almasb/fxgl/17.2/fxgl-17.2.jar!/fxglassets/textures/fxgl_default_cursor.png
18:06:28.734 [JavaFX Application Thread] DEBUG Input                - Registered new binding: Screenshot - CTRL+8
18:06:28.737 [JavaFX Application Thread] DEBUG Input                - Registered new binding: System info dump - CTRL+9
18:06:28.738 [JavaFX Application Thread] DEBUG Input                - Registered new binding: Restart - CTRL+R
18:06:28.741 [JavaFX Application Thread] DEBUG Input                - Registered new binding: Toggle Debug Camera - CTRL+7
18:06:28.755 [JavaFX Application Thread] DEBUG LoopRunner           - Starting loop
18:06:28.755 [JavaFX Application Thread] DEBUG LoopRunner           - Initializing JavaFX AnimationTimerLoop
18:06:28.765 [JavaFX Application Thread] DEBUG GameApplicationServi - Starting new game
18:06:28.770 [JavaFX Application Thread] DEBUG Input                - Clearing active input actions
18:06:28.836 [JavaFX Application Thread] DEBUG GameApplicationServi - Removing overlay from FXGLStartupScene and adding to FXGLLoadingScene
18:06:28.839 [JavaFX Application Thread] DEBUG PrimaryStageWindow   - FXGLStartupScene -> FXGLLoadingScene
18:06:28.839 [JavaFX Application Thread] DEBUG GameApplicationServi - Clearing previous game
18:06:28.839 [JavaFX Application Thread] DEBUG GameScene            - Clearing game scene
18:06:28.840 [JavaFX Application Thread] DEBUG GameWorld            - Clearing game world
18:06:28.840 [JavaFX Application Thread] DEBUG PhysicsWorld         - Clearing physics world
18:06:28.851 [FXGL Background Thread 1 ] DEBUG FXGLApplication      - Initializing game
18:06:28.929 [FXGL Background Thread 1 ] INFO  FXGLApplication      - Game initialization took: 0.078 sec
18:06:28.953 [FXGL Background Thread 4 ] DEBUG FXGLAssetLoaderServi - Loading from file system: jar:file:///C:/Users/APC/.m2/repository/com/github/almasb/fxgl/17.2/fxgl-17.2.jar!/fxglassets/ui/fonts/Abel-Regular.ttf
18:06:29.038 [FXGL Background Thread 4 ] DEBUG FXGLAssetLoaderServi - Loading from file system: jar:file:///C:/Users/APC/.m2/repository/com/github/almasb/fxgl/17.2/fxgl-17.2.jar!/fxglassets/ui/fonts/TerminalLandMono-Regular.otf
18:06:29.085 [FXGL Background Thread 4 ] DEBUG FXGLAssetLoaderServi - Loading from file system: jar:file:///C:/Users/APC/.m2/repository/com/github/almasb/fxgl/17.2/fxgl-17.2.jar!/fxglassets/ui/fonts/Courier-Prime.ttf
18:06:29.121 [JavaFX Application Thread] DEBUG Input                - Clearing active input actions
18:06:29.158 [JavaFX Application Thread] DEBUG GameApplicationServi - Removing overlay from FXGLLoadingScene and adding to GameScene
18:06:29.159 [JavaFX Application Thread] DEBUG PrimaryStageWindow   - FXGLLoadingScene -> GameScene
18:06:29.553 [JavaFX Application Thread] DEBUG FXGLApplication      - Registering font factories with UI factory
18:06:30.499 [JavaFX Application Thread] DEBUG FXGLAssetLoaderServi - Loading from file system: file:/G:/Duy/UET/OOP/Solo%20Projects/attempt4/target/classes/assets/textures/balloom.png
18:06:30.581 [JavaFX Application Thread] DEBUG FXGLAssetLoaderServi - Loading from file system: file:/G:/Duy/UET/OOP/Solo%20Projects/attempt4/target/classes/assets/textures/brick.png
18:06:30.897 [FXGL Background Thread 2 ] INFO  UpdaterService       - Your current version:  17.2
18:06:30.899 [FXGL Background Thread 2 ] INFO  UpdaterService       - Latest stable version: 17.3
18:06:31.453 [FXGL Background Thread 3 ] DEBUG Engine               - Logging environment variables
18:06:31.456 [FXGL Background Thread 3 ] DEBUG Engine               - achievements: []
18:06:31.456 [FXGL Background Thread 3 ] DEBUG Engine               - actualHeight: 600.0
18:06:31.457 [FXGL Background Thread 3 ] DEBUG Engine               - actualHeightProperty: ReadOnlyDoubleProperty [value: 600.0]
18:06:31.457 [FXGL Background Thread 3 ] DEBUG Engine               - actualWidth: 800.0
18:06:31.457 [FXGL Background Thread 3 ] DEBUG Engine               - actualWidthProperty: ReadOnlyDoubleProperty [value: 800.0]
18:06:31.458 [FXGL Background Thread 3 ] DEBUG Engine               - appIcon: fxgl_icon.png
18:06:31.458 [FXGL Background Thread 3 ] DEBUG Engine               - applicationMode: DEVELOPER
18:06:31.458 [FXGL Background Thread 3 ] DEBUG Engine               - cSSList: [fxgl_dark.css]
18:06:31.459 [FXGL Background Thread 3 ] DEBUG Engine               - collisionDetectionStrategy: BRUTE_FORCE
18:06:31.459 [FXGL Background Thread 3 ] DEBUG Engine               - configClass: Optional.empty
18:06:31.459 [FXGL Background Thread 3 ] DEBUG Engine               - credits: []
18:06:31.461 [FXGL Background Thread 3 ] DEBUG Engine               - defaultCursor: CursorInfo(imageName=fxgl_default_cursor.png, hotspotX=7.0, hotspotY=6.0)
18:06:31.463 [FXGL Background Thread 3 ] DEBUG Engine               - devBBoxColorProperty: ObjectProperty [value: 0xff0000ff]
18:06:31.463 [FXGL Background Thread 3 ] DEBUG Engine               - devEnableDebugCameraProperty: BooleanProperty [value: false]
18:06:31.465 [FXGL Background Thread 3 ] DEBUG Engine               - devSensorColorProperty: ObjectProperty [value: 0xffff00ff]
18:06:31.465 [FXGL Background Thread 3 ] DEBUG Engine               - devShowBBoxProperty: BooleanProperty [value: false]
18:06:31.466 [FXGL Background Thread 3 ] DEBUG Engine               - devShowPositionProperty: BooleanProperty [value: false]
18:06:31.467 [FXGL Background Thread 3 ] DEBUG Engine               - enabledMenuItems: []
18:06:31.468 [FXGL Background Thread 3 ] DEBUG Engine               - engineServices: [class com.almasb.fxgl.app.services.FXGLAssetLoaderService, class com.almasb.fxgl.app.FXGLApplication$GameApplicationService, class com.almasb.fxgl.app.services.FXGLDialogService, class com.almasb.fxgl.app.services.IOTaskExecutorService, class com.almasb.fxgl.io.FileSystemService, class com.almasb.fxgl.localization.LocalizationService, class com.almasb.fxgl.app.services.SystemBundleService, class com.almasb.fxgl.profile.SaveLoadService, class com.almasb.fxgl.ui.FXGLUIFactoryServiceProvider, class com.almasb.fxgl.ui.FXGLDialogFactoryServiceProvider, class com.almasb.fxgl.audio.AudioPlayer, class com.almasb.fxgl.notification.impl.NotificationServiceProvider, class com.almasb.fxgl.achievement.AchievementService, class com.almasb.fxgl.cutscene.CutsceneService, class com.almasb.fxgl.minigames.MiniGameService, class com.almasb.fxgl.net.NetService, class com.almasb.fxgl.app.services.UpdaterService, class com.almasb.fxgl.dev.DevService]
18:06:31.468 [FXGL Background Thread 3 ] DEBUG Engine               - fontGame: Abel-Regular.ttf
18:06:31.469 [FXGL Background Thread 3 ] DEBUG Engine               - fontMono: TerminalLandMono-Regular.otf
18:06:31.469 [FXGL Background Thread 3 ] DEBUG Engine               - fontText: Courier-Prime.ttf
18:06:31.470 [FXGL Background Thread 3 ] DEBUG Engine               - fontUI: VarelaRound-Regular.ttf
18:06:31.470 [FXGL Background Thread 3 ] DEBUG Engine               - fullScreen: BooleanProperty [value: false]
18:06:31.471 [FXGL Background Thread 3 ] DEBUG Engine               - gameDifficulty: MEDIUM
18:06:31.471 [FXGL Background Thread 3 ] DEBUG Engine               - gameDifficultyProperty: ObjectProperty [value: MEDIUM]
18:06:31.472 [FXGL Background Thread 3 ] DEBUG Engine               - globalMusicVolume: 0.5
18:06:31.473 [FXGL Background Thread 3 ] DEBUG Engine               - globalMusicVolumeProperty: DoubleProperty [value: 0.5]
18:06:31.474 [FXGL Background Thread 3 ] DEBUG Engine               - globalSoundVolume: 0.5
18:06:31.474 [FXGL Background Thread 3 ] DEBUG Engine               - globalSoundVolumeProperty: DoubleProperty [value: 0.5]
18:06:31.475 [FXGL Background Thread 3 ] DEBUG Engine               - height: 600
18:06:31.475 [FXGL Background Thread 3 ] DEBUG Engine               - is3D: false
18:06:31.476 [FXGL Background Thread 3 ] DEBUG Engine               - isAndroid: false
18:06:31.476 [FXGL Background Thread 3 ] DEBUG Engine               - isBrowser: false
18:06:31.476 [FXGL Background Thread 3 ] DEBUG Engine               - isClickFeedbackEnabled: false
18:06:31.477 [FXGL Background Thread 3 ] DEBUG Engine               - isCloseConfirmation: false
18:06:31.477 [FXGL Background Thread 3 ] DEBUG Engine               - isDesktop: true
18:06:31.477 [FXGL Background Thread 3 ] DEBUG Engine               - isDeveloperMenuEnabled: false
18:06:31.478 [FXGL Background Thread 3 ] DEBUG Engine               - isEmbedded: false
18:06:31.478 [FXGL Background Thread 3 ] DEBUG Engine               - isEntityPreloadEnabled: true
18:06:31.479 [FXGL Background Thread 3 ] DEBUG Engine               - isExperimentalTiledLargeMap: false
18:06:31.479 [FXGL Background Thread 3 ] DEBUG Engine               - isFileSystemWriteAllowed: true
18:06:31.480 [FXGL Background Thread 3 ] DEBUG Engine               - isFullScreenAllowed: false
18:06:31.481 [FXGL Background Thread 3 ] DEBUG Engine               - isFullScreenFromStart: false
18:06:31.481 [FXGL Background Thread 3 ] DEBUG Engine               - isGameMenuEnabled: true
18:06:31.482 [FXGL Background Thread 3 ] DEBUG Engine               - isIOS: false
18:06:31.483 [FXGL Background Thread 3 ] DEBUG Engine               - isIntroEnabled: false
18:06:31.483 [FXGL Background Thread 3 ] DEBUG Engine               - isLinux: false
18:06:31.484 [FXGL Background Thread 3 ] DEBUG Engine               - isMac: false
18:06:31.485 [FXGL Background Thread 3 ] DEBUG Engine               - isMainMenuEnabled: false
18:06:31.485 [FXGL Background Thread 3 ] DEBUG Engine               - isManualResizeEnabled: false
18:06:31.485 [FXGL Background Thread 3 ] DEBUG Engine               - isMobile: false
18:06:31.486 [FXGL Background Thread 3 ] DEBUG Engine               - isNative: false
18:06:31.486 [FXGL Background Thread 3 ] DEBUG Engine               - isPauseMusicWhenMinimized: true
18:06:31.487 [FXGL Background Thread 3 ] DEBUG Engine               - isPreserveResizeRatio: false
18:06:31.487 [FXGL Background Thread 3 ] DEBUG Engine               - isProfilingEnabled: false
18:06:31.488 [FXGL Background Thread 3 ] DEBUG Engine               - isScaleAffectedOnResize: true
18:06:31.488 [FXGL Background Thread 3 ] DEBUG Engine               - isSingleStep: false
18:06:31.488 [FXGL Background Thread 3 ] DEBUG Engine               - isUserProfileEnabled: false
18:06:31.489 [FXGL Background Thread 3 ] DEBUG Engine               - isWindows: true
18:06:31.489 [FXGL Background Thread 3 ] DEBUG Engine               - language: ObjectProperty [value: ENGLISH]
18:06:31.490 [FXGL Background Thread 3 ] DEBUG Engine               - menuKey: ESCAPE
18:06:31.490 [FXGL Background Thread 3 ] DEBUG Engine               - mouseSensitivity: 0.2
18:06:31.490 [FXGL Background Thread 3 ] DEBUG Engine               - notificationViewClass: class com.almasb.fxgl.notification.view.XboxNotificationView
18:06:31.491 [FXGL Background Thread 3 ] DEBUG Engine               - pixelsPerMeter: 50.0
18:06:31.491 [FXGL Background Thread 3 ] DEBUG Engine               - platform: WINDOWS
18:06:31.492 [FXGL Background Thread 3 ] DEBUG Engine               - prefHeightProperty: ReadOnlyDoubleProperty [value: 600.0]
18:06:31.492 [FXGL Background Thread 3 ] DEBUG Engine               - prefWidthProperty: ReadOnlyDoubleProperty [value: 800.0]
18:06:31.493 [FXGL Background Thread 3 ] DEBUG Engine               - profileDir: profiles/
18:06:31.493 [FXGL Background Thread 3 ] DEBUG Engine               - profileName: StringProperty [value: DEFAULT]
18:06:31.494 [FXGL Background Thread 3 ] DEBUG Engine               - randomSeed: -1
18:06:31.495 [FXGL Background Thread 3 ] DEBUG Engine               - runtimeInfo: RuntimeInfo(platform=WINDOWS, version=17.2, build=20.08.2022 16.50)
18:06:31.496 [FXGL Background Thread 3 ] DEBUG Engine               - saveFileExt: sav
18:06:31.496 [FXGL Background Thread 3 ] DEBUG Engine               - scaledHeightProp$fxgl: DoubleProperty [bound, value: 600.0]
18:06:31.497 [FXGL Background Thread 3 ] DEBUG Engine               - scaledWidthProp$fxgl: DoubleProperty [bound, value: 800.0]
18:06:31.497 [FXGL Background Thread 3 ] DEBUG Engine               - sceneFactory: com.almasb.fxgl.app.scene.SceneFactory@6c018017
18:06:31.498 [FXGL Background Thread 3 ] DEBUG Engine               - secondsIn24h: 60
18:06:31.499 [FXGL Background Thread 3 ] DEBUG Engine               - soundMenuBack: menu/back.wav
18:06:31.499 [FXGL Background Thread 3 ] DEBUG Engine               - soundMenuPress: menu/press.wav
18:06:31.500 [FXGL Background Thread 3 ] DEBUG Engine               - soundMenuSelect: menu/select.wav
18:06:31.500 [FXGL Background Thread 3 ] DEBUG Engine               - soundNotification: core/notification.wav
18:06:31.501 [FXGL Background Thread 3 ] DEBUG Engine               - stageStyle: DECORATED
18:06:31.502 [FXGL Background Thread 3 ] DEBUG Engine               - supportedLanguages: [ENGLISH, FRENCH, GERMAN, HUNGARIAN, RUSSIAN]
18:06:31.502 [FXGL Background Thread 3 ] DEBUG Engine               - ticksPerSecond: -1
18:06:31.502 [FXGL Background Thread 3 ] DEBUG Engine               - title: Untitled
18:06:31.503 [FXGL Background Thread 3 ] DEBUG Engine               - urlGithub: https://github.com/AlmasB/FXGL
18:06:31.503 [FXGL Background Thread 3 ] DEBUG Engine               - urlLeaderboard: http://fxgl-top.herokuapp.com/
18:06:31.503 [FXGL Background Thread 3 ] DEBUG Engine               - urlPOM: https://raw.githubusercontent.com/AlmasB/FXGL/release/README.md
18:06:31.504 [FXGL Background Thread 3 ] DEBUG Engine               - userAppClass: class demo.attempt4.SimpleGameApp
18:06:31.504 [FXGL Background Thread 3 ] DEBUG Engine               - version: 0.0
18:06:31.505 [FXGL Background Thread 3 ] DEBUG Engine               - versionCheckDays: 7
18:06:31.505 [FXGL Background Thread 3 ] DEBUG Engine               - width: 800
18:06:31.505 [FXGL Background Thread 3 ] DEBUG Engine               - Logging services
18:06:31.506 [FXGL Background Thread 3 ] DEBUG Engine               - class com.almasb.fxgl.app.services.FXGLAssetLoaderService
18:06:31.507 [FXGL Background Thread 3 ] DEBUG Engine               - class com.almasb.fxgl.app.FXGLApplication$GameApplicationService
18:06:31.507 [FXGL Background Thread 3 ] DEBUG Engine               - class com.almasb.fxgl.app.services.FXGLDialogService
18:06:31.507 [FXGL Background Thread 3 ] DEBUG Engine               - class com.almasb.fxgl.app.services.IOTaskExecutorService
18:06:31.508 [FXGL Background Thread 3 ] DEBUG Engine               - class com.almasb.fxgl.io.FileSystemService
18:06:31.508 [FXGL Background Thread 3 ] DEBUG Engine               - class com.almasb.fxgl.localization.LocalizationService
18:06:31.508 [FXGL Background Thread 3 ] DEBUG Engine               - class com.almasb.fxgl.app.services.SystemBundleService
18:06:31.509 [FXGL Background Thread 3 ] DEBUG Engine               - class com.almasb.fxgl.profile.SaveLoadService
18:06:31.509 [FXGL Background Thread 3 ] DEBUG Engine               - class com.almasb.fxgl.ui.FXGLUIFactoryServiceProvider
18:06:31.509 [FXGL Background Thread 3 ] DEBUG Engine               - class com.almasb.fxgl.ui.FXGLDialogFactoryServiceProvider
18:06:31.509 [FXGL Background Thread 3 ] DEBUG Engine               - class com.almasb.fxgl.audio.AudioPlayer
18:06:31.510 [FXGL Background Thread 3 ] DEBUG Engine               - class com.almasb.fxgl.notification.impl.NotificationServiceProvider
18:06:31.510 [FXGL Background Thread 3 ] DEBUG Engine               - class com.almasb.fxgl.achievement.AchievementService
18:06:31.510 [FXGL Background Thread 3 ] DEBUG Engine               - class com.almasb.fxgl.cutscene.CutsceneService
18:06:31.511 [FXGL Background Thread 3 ] DEBUG Engine               - class com.almasb.fxgl.minigames.MiniGameService
18:06:31.511 [FXGL Background Thread 3 ] DEBUG Engine               - class com.almasb.fxgl.net.NetService
18:06:31.511 [FXGL Background Thread 3 ] DEBUG Engine               - class com.almasb.fxgl.app.services.UpdaterService
18:06:31.511 [FXGL Background Thread 3 ] DEBUG Engine               - class com.almasb.fxgl.dev.DevService
18:06:56.119 [JavaFX Application Thread] DEBUG FXGLApplication      - Exiting FXGL
18:06:56.120 [JavaFX Application Thread] DEBUG LoopRunner           - Stopping loop
18:06:56.122 [JavaFX Application Thread] DEBUG SystemBundleService  - Saving FXGL system data
18:06:56.128 [JavaFX Application Thread] DEBUG FileSystemAccess     - Writing to: G:\Duy\UET\OOP\Solo Projects\attempt4\system\fxgl.bundle
18:06:56.136 [JavaFX Application Thread] DEBUG Async                - Shutting down background threads
18:06:56.136 [JavaFX Application Thread] DEBUG PrimaryStageWindow   - Closing main window
18:06:56.215 [JavaFX Application Thread] DEBUG Logger               - Closing Logger
