18:00:36.688 [main                     ] DEBUG Logger               - Configured Logger
18:00:36.835 [main                     ] DEBUG GameApplication      - Logging settings
Title: Untitled
Version: 0.0
Width: 800
Height: 600
Fullscreen: false
Intro: false
Profiling: false
Single step:false
App Mode: DEVELOPER
Menu Key: ESCAPE
Stage Style: DECORATED
Scene Factory: class com.almasb.fxgl.app.scene.SceneFactory

18:00:38.203 [JavaFX Application Thread] DEBUG FXGLApplication      - Initializing FXGL
18:00:38.230 [JavaFX Application Thread] INFO  Engine               - FXGL-17.2 (20.08.2022 16.50) on WINDOWS (J:20.0.2 FX:18)
18:00:38.233 [JavaFX Application Thread] DEBUG Engine               - JRE Vendor Name: Oracle Corporation
18:00:38.234 [JavaFX Application Thread] DEBUG Engine               - Running on OS: Windows 10 version 10.0
18:00:38.235 [JavaFX Application Thread] DEBUG Engine               - Architecture: amd64
18:00:38.236 [JavaFX Application Thread] INFO  Engine               - Source code and latest versions at: https://github.com/AlmasB/FXGL
18:00:38.236 [JavaFX Application Thread] INFO  Engine               -       Ask questions and discuss at: https://github.com/AlmasB/FXGL/discussions
18:00:38.237 [JavaFX Application Thread] INFO  Engine               -              Join the FXGL chat at: https://gitter.im/AlmasB/FXGL
18:00:38.686 [JavaFX Application Thread] DEBUG PrimaryStageWindow   - Creating a JavaFX scene
18:00:38.908 [JavaFX Application Thread] DEBUG PrimaryStageWindow   - Target settings size: 800.0 x 600.0
18:00:38.910 [JavaFX Application Thread] DEBUG PrimaryStageWindow   - Scaled scene size:    800.0 x 600.0
18:00:38.912 [JavaFX Application Thread] DEBUG PrimaryStageWindow   - Scaled ratio: (1.0, 1.0)
18:00:38.917 [JavaFX Application Thread] DEBUG PrimaryStageWindow   - Set initial scene to FXGLStartupScene
18:00:38.945 [JavaFX Application Thread] DEBUG PrimaryStageWindow   - Opening main window
18:00:39.294 [JavaFX Application Thread] DEBUG PrimaryStageWindow   - Window border size: (14.66668701171875, 37.33331298828125)
18:00:39.296 [JavaFX Application Thread] DEBUG PrimaryStageWindow   - Scaled size: 800.0 x 600.0
18:00:39.297 [JavaFX Application Thread] DEBUG PrimaryStageWindow   - Scaled ratio: (1.0, 1.0)
18:00:39.299 [JavaFX Application Thread] DEBUG PrimaryStageWindow   - Scene size: 800.0 x 600.0
18:00:39.301 [JavaFX Application Thread] DEBUG PrimaryStageWindow   - Stage size: 814.6666870117188 x 637.3333129882812
18:00:39.342 [FXGL Background Thread 1 ] DEBUG Engine               - Initializing environment variables
18:00:39.657 [FXGL Background Thread 1 ] DEBUG FXGLAssetLoaderServi - User app class for loading assets: class demo.attempt4.SimpleGameApp
18:00:39.658 [FXGL Background Thread 1 ] DEBUG GameApplicationServi - Applying CSS: fxgl_dark.css
18:00:39.662 [FXGL Background Thread 1 ] DEBUG FXGLAssetLoaderServi - Loading from file system: jar:file:///C:/Users/APC/.m2/repository/com/github/almasb/fxgl/17.2/fxgl-17.2.jar!/fxglassets/ui/css/fxgl_dark.css
18:00:39.942 [FXGL Background Thread 1 ] DEBUG GameApplicationServi - Initializing application scenes
18:00:40.159 [FXGL Background Thread 1 ] DEBUG GameWorld            - Game world initialized
18:00:40.463 [FXGL Background Thread 1 ] DEBUG PhysicsWorld         - Physics world initialized: appHeight=600, physics.ppm=50.0
18:00:40.465 [FXGL Background Thread 1 ] DEBUG PhysicsWorld         - Using strategy: BRUTE_FORCE
18:00:40.486 [FXGL Background Thread 1 ] DEBUG GameScene            - Game scene initialized: 800x600
18:00:40.549 [FXGL Background Thread 1 ] DEBUG FXGL.DefaultMenu     - createMenuBodyGameMenu()
18:00:40.639 [FXGL Background Thread 1 ] DEBUG FXGL.DefaultMenu     - createOptionsMenu()
18:00:40.712 [FXGL Background Thread 1 ] DEBUG FXGLAssetLoaderServi - Loading from file system: jar:file:///C:/Users/APC/.m2/repository/com/github/almasb/fxgl/17.2/fxgl-17.2.jar!/fxglassets/textures/particles/smoke.png
18:00:41.299 [FXGL Background Thread 1 ] DEBUG FXGLAssetLoaderServi - Loading from file system: jar:file:///C:/Users/APC/.m2/repository/com/github/almasb/fxgl/17.2/fxgl-17.2.jar!/fxglassets/textures/particles/trace_horizontal.png
18:00:41.472 [FXGL Background Thread 1 ] DEBUG GameApplicationServi - Application scenes initialized
18:00:41.555 [FXGL Background Thread 1 ] DEBUG SystemBundleService  - Loading FXGL system data
18:00:41.591 [FXGL Background Thread 1 ] DEBUG FileSystemAccess     - Reading from: G:\Duy\UET\OOP\Solo Projects\attempt4\system\fxgl.bundle
18:00:41.659 [FXGL Background Thread 1 ] DEBUG SystemBundleService  - Bundle FXGL: {}
18:00:41.660 [FXGL Background Thread 1 ] DEBUG UpdaterService       - Checking for updates
18:00:41.685 [FXGL Background Thread 4 ] DEBUG FXGLApplication      - Loading fonts
18:00:41.687 [FXGL Background Thread 1 ] DEBUG FXGLApplication      - Loading default localization
18:00:41.688 [FXGL Background Thread 4 ] DEBUG FXGLAssetLoaderServi - Loading from file system: jar:file:///C:/Users/APC/.m2/repository/com/github/almasb/fxgl/17.2/fxgl-17.2.jar!/fxglassets/ui/fonts/VarelaRound-Regular.ttf
18:00:41.692 [FXGL Background Thread 1 ] DEBUG FXGLAssetLoaderServi - Loading from file system: jar:file:///C:/Users/APC/.m2/repository/com/github/almasb/fxgl/17.2/fxgl-17.2.jar!/fxglassets/languages/english.lang
18:00:41.826 [FXGL Background Thread 1 ] INFO  FXGLApplication      - FXGL initialization took: 2.483 sec
18:00:41.833 [JavaFX Application Thread] DEBUG FXGLAssetLoaderServi - Loading from file system: jar:file:///C:/Users/APC/.m2/repository/com/github/almasb/fxgl/17.2/fxgl-17.2.jar!/fxglassets/textures/fxgl_icon.png
18:00:41.956 [JavaFX Application Thread] DEBUG FXGLAssetLoaderServi - Loading from file system: jar:file:///C:/Users/APC/.m2/repository/com/github/almasb/fxgl/17.2/fxgl-17.2.jar!/fxglassets/textures/fxgl_default_cursor.png
18:00:42.042 [JavaFX Application Thread] DEBUG Input                - Registered new binding: Screenshot - CTRL+8
18:00:42.047 [JavaFX Application Thread] DEBUG Input                - Registered new binding: System info dump - CTRL+9
18:00:42.050 [JavaFX Application Thread] DEBUG Input                - Registered new binding: Restart - CTRL+R
18:00:42.058 [JavaFX Application Thread] DEBUG Input                - Registered new binding: Toggle Debug Camera - CTRL+7
18:00:42.085 [JavaFX Application Thread] DEBUG LoopRunner           - Starting loop
18:00:42.086 [JavaFX Application Thread] DEBUG LoopRunner           - Initializing JavaFX AnimationTimerLoop
18:00:42.108 [JavaFX Application Thread] DEBUG GameApplicationServi - Starting new game
18:00:42.111 [JavaFX Application Thread] DEBUG Input                - Clearing active input actions
18:00:42.191 [JavaFX Application Thread] DEBUG GameApplicationServi - Removing overlay from FXGLStartupScene and adding to FXGLLoadingScene
18:00:42.193 [JavaFX Application Thread] DEBUG PrimaryStageWindow   - FXGLStartupScene -> FXGLLoadingScene
18:00:42.194 [JavaFX Application Thread] DEBUG GameApplicationServi - Clearing previous game
18:00:42.194 [FXGL Background Thread 4 ] DEBUG FXGLAssetLoaderServi - Loading from file system: jar:file:///C:/Users/APC/.m2/repository/com/github/almasb/fxgl/17.2/fxgl-17.2.jar!/fxglassets/ui/fonts/Abel-Regular.ttf
18:00:42.194 [JavaFX Application Thread] DEBUG GameScene            - Clearing game scene
18:00:42.195 [JavaFX Application Thread] DEBUG GameWorld            - Clearing game world
18:00:42.195 [JavaFX Application Thread] DEBUG PhysicsWorld         - Clearing physics world
18:00:42.204 [FXGL Background Thread 1 ] DEBUG FXGLApplication      - Initializing game
18:00:42.244 [FXGL Background Thread 4 ] DEBUG FXGLAssetLoaderServi - Loading from file system: jar:file:///C:/Users/APC/.m2/repository/com/github/almasb/fxgl/17.2/fxgl-17.2.jar!/fxglassets/ui/fonts/TerminalLandMono-Regular.otf
18:00:42.251 [FXGL Background Thread 1 ] INFO  FXGLApplication      - Game initialization took: 0.047 sec
18:00:42.290 [FXGL Background Thread 4 ] DEBUG FXGLAssetLoaderServi - Loading from file system: jar:file:///C:/Users/APC/.m2/repository/com/github/almasb/fxgl/17.2/fxgl-17.2.jar!/fxglassets/ui/fonts/Courier-Prime.ttf
18:00:42.427 [JavaFX Application Thread] DEBUG Input                - Clearing active input actions
18:00:42.460 [JavaFX Application Thread] DEBUG GameApplicationServi - Removing overlay from FXGLLoadingScene and adding to GameScene
18:00:42.462 [JavaFX Application Thread] DEBUG PrimaryStageWindow   - FXGLLoadingScene -> GameScene
18:00:42.467 [JavaFX Application Thread] DEBUG FXGLApplication      - Registering font factories with UI factory
18:00:43.751 [JavaFX Application Thread] WARN  FXGLAssetLoaderServi - Asset "/assets/textures/balloom.png" was not found!
18:00:43.752 [JavaFX Application Thread] WARN  FXGLAssetLoaderServi - Failed to load IMAGE
18:00:43.856 [JavaFX Application Thread] WARN  FXGLAssetLoaderServi - Asset "/assets/textures/brick.png" was not found!
18:00:43.857 [JavaFX Application Thread] WARN  FXGLAssetLoaderServi - Failed to load IMAGE
18:00:44.282 [FXGL Background Thread 2 ] INFO  UpdaterService       - Your current version:  17.2
18:00:44.283 [FXGL Background Thread 2 ] INFO  UpdaterService       - Latest stable version: 17.3
18:00:44.677 [FXGL Background Thread 3 ] DEBUG Engine               - Logging environment variables
18:00:44.679 [FXGL Background Thread 3 ] DEBUG Engine               - achievements: []
18:00:44.680 [FXGL Background Thread 3 ] DEBUG Engine               - actualHeight: 600.0
18:00:44.680 [FXGL Background Thread 3 ] DEBUG Engine               - actualHeightProperty: ReadOnlyDoubleProperty [value: 600.0]
18:00:44.681 [FXGL Background Thread 3 ] DEBUG Engine               - actualWidth: 800.0
18:00:44.681 [FXGL Background Thread 3 ] DEBUG Engine               - actualWidthProperty: ReadOnlyDoubleProperty [value: 800.0]
18:00:44.682 [FXGL Background Thread 3 ] DEBUG Engine               - appIcon: fxgl_icon.png
18:00:44.683 [FXGL Background Thread 3 ] DEBUG Engine               - applicationMode: DEVELOPER
18:00:44.683 [FXGL Background Thread 3 ] DEBUG Engine               - cSSList: [fxgl_dark.css]
18:00:44.684 [FXGL Background Thread 3 ] DEBUG Engine               - collisionDetectionStrategy: BRUTE_FORCE
18:00:44.685 [FXGL Background Thread 3 ] DEBUG Engine               - configClass: Optional.empty
18:00:44.685 [JavaFX Application Thread] WARN  FXGLAssetLoaderServi - Asset "/assets/textures/balloom.png" was not found!
18:00:44.685 [FXGL Background Thread 3 ] DEBUG Engine               - credits: []
18:00:44.685 [JavaFX Application Thread] WARN  FXGLAssetLoaderServi - Failed to load IMAGE
18:00:44.687 [FXGL Background Thread 3 ] DEBUG Engine               - defaultCursor: CursorInfo(imageName=fxgl_default_cursor.png, hotspotX=7.0, hotspotY=6.0)
18:00:44.688 [FXGL Background Thread 3 ] DEBUG Engine               - devBBoxColorProperty: ObjectProperty [value: 0xff0000ff]
18:00:44.688 [JavaFX Application Thread] WARN  FXGLAssetLoaderServi - Asset "/assets/textures/brick.png" was not found!
18:00:44.689 [FXGL Background Thread 3 ] DEBUG Engine               - devEnableDebugCameraProperty: BooleanProperty [value: false]
18:00:44.689 [JavaFX Application Thread] WARN  FXGLAssetLoaderServi - Failed to load IMAGE
18:00:44.689 [FXGL Background Thread 3 ] DEBUG Engine               - devSensorColorProperty: ObjectProperty [value: 0xffff00ff]
18:00:44.690 [FXGL Background Thread 3 ] DEBUG Engine               - devShowBBoxProperty: BooleanProperty [value: false]
18:00:44.690 [FXGL Background Thread 3 ] DEBUG Engine               - devShowPositionProperty: BooleanProperty [value: false]
18:00:44.691 [FXGL Background Thread 3 ] DEBUG Engine               - enabledMenuItems: []
18:00:44.691 [FXGL Background Thread 3 ] DEBUG Engine               - engineServices: [class com.almasb.fxgl.app.services.FXGLAssetLoaderService, class com.almasb.fxgl.app.FXGLApplication$GameApplicationService, class com.almasb.fxgl.app.services.FXGLDialogService, class com.almasb.fxgl.app.services.IOTaskExecutorService, class com.almasb.fxgl.io.FileSystemService, class com.almasb.fxgl.localization.LocalizationService, class com.almasb.fxgl.app.services.SystemBundleService, class com.almasb.fxgl.profile.SaveLoadService, class com.almasb.fxgl.ui.FXGLUIFactoryServiceProvider, class com.almasb.fxgl.ui.FXGLDialogFactoryServiceProvider, class com.almasb.fxgl.audio.AudioPlayer, class com.almasb.fxgl.notification.impl.NotificationServiceProvider, class com.almasb.fxgl.achievement.AchievementService, class com.almasb.fxgl.cutscene.CutsceneService, class com.almasb.fxgl.minigames.MiniGameService, class com.almasb.fxgl.net.NetService, class com.almasb.fxgl.app.services.UpdaterService, class com.almasb.fxgl.dev.DevService]
18:00:44.691 [FXGL Background Thread 3 ] DEBUG Engine               - fontGame: Abel-Regular.ttf
18:00:44.691 [FXGL Background Thread 3 ] DEBUG Engine               - fontMono: TerminalLandMono-Regular.otf
18:00:44.692 [FXGL Background Thread 3 ] DEBUG Engine               - fontText: Courier-Prime.ttf
18:00:44.692 [FXGL Background Thread 3 ] DEBUG Engine               - fontUI: VarelaRound-Regular.ttf
18:00:44.692 [FXGL Background Thread 3 ] DEBUG Engine               - fullScreen: BooleanProperty [value: false]
18:00:44.693 [FXGL Background Thread 3 ] DEBUG Engine               - gameDifficulty: MEDIUM
18:00:44.693 [FXGL Background Thread 3 ] DEBUG Engine               - gameDifficultyProperty: ObjectProperty [value: MEDIUM]
18:00:44.693 [FXGL Background Thread 3 ] DEBUG Engine               - globalMusicVolume: 0.5
18:00:44.694 [FXGL Background Thread 3 ] DEBUG Engine               - globalMusicVolumeProperty: DoubleProperty [value: 0.5]
18:00:44.694 [FXGL Background Thread 3 ] DEBUG Engine               - globalSoundVolume: 0.5
18:00:44.694 [FXGL Background Thread 3 ] DEBUG Engine               - globalSoundVolumeProperty: DoubleProperty [value: 0.5]
18:00:44.694 [FXGL Background Thread 3 ] DEBUG Engine               - height: 600
18:00:44.695 [FXGL Background Thread 3 ] DEBUG Engine               - is3D: false
18:00:44.695 [FXGL Background Thread 3 ] DEBUG Engine               - isAndroid: false
18:00:44.695 [FXGL Background Thread 3 ] DEBUG Engine               - isBrowser: false
18:00:44.695 [FXGL Background Thread 3 ] DEBUG Engine               - isClickFeedbackEnabled: false
18:00:44.696 [FXGL Background Thread 3 ] DEBUG Engine               - isCloseConfirmation: false
18:00:44.697 [FXGL Background Thread 3 ] DEBUG Engine               - isDesktop: true
18:00:44.697 [FXGL Background Thread 3 ] DEBUG Engine               - isDeveloperMenuEnabled: false
18:00:44.697 [FXGL Background Thread 3 ] DEBUG Engine               - isEmbedded: false
18:00:44.698 [FXGL Background Thread 3 ] DEBUG Engine               - isEntityPreloadEnabled: true
18:00:44.698 [FXGL Background Thread 3 ] DEBUG Engine               - isExperimentalTiledLargeMap: false
18:00:44.698 [FXGL Background Thread 3 ] DEBUG Engine               - isFileSystemWriteAllowed: true
18:00:44.699 [FXGL Background Thread 3 ] DEBUG Engine               - isFullScreenAllowed: false
18:00:44.699 [FXGL Background Thread 3 ] DEBUG Engine               - isFullScreenFromStart: false
18:00:44.700 [FXGL Background Thread 3 ] DEBUG Engine               - isGameMenuEnabled: true
18:00:44.700 [FXGL Background Thread 3 ] DEBUG Engine               - isIOS: false
18:00:44.700 [FXGL Background Thread 3 ] DEBUG Engine               - isIntroEnabled: false
18:00:44.701 [FXGL Background Thread 3 ] DEBUG Engine               - isLinux: false
18:00:44.702 [FXGL Background Thread 3 ] DEBUG Engine               - isMac: false
18:00:44.702 [FXGL Background Thread 3 ] DEBUG Engine               - isMainMenuEnabled: false
18:00:44.702 [FXGL Background Thread 3 ] DEBUG Engine               - isManualResizeEnabled: false
18:00:44.703 [FXGL Background Thread 3 ] DEBUG Engine               - isMobile: false
18:00:44.703 [FXGL Background Thread 3 ] DEBUG Engine               - isNative: false
18:00:44.703 [FXGL Background Thread 3 ] DEBUG Engine               - isPauseMusicWhenMinimized: true
18:00:44.704 [FXGL Background Thread 3 ] DEBUG Engine               - isPreserveResizeRatio: false
18:00:44.704 [FXGL Background Thread 3 ] DEBUG Engine               - isProfilingEnabled: false
18:00:44.704 [FXGL Background Thread 3 ] DEBUG Engine               - isScaleAffectedOnResize: true
18:00:44.704 [FXGL Background Thread 3 ] DEBUG Engine               - isSingleStep: false
18:00:44.705 [FXGL Background Thread 3 ] DEBUG Engine               - isUserProfileEnabled: false
18:00:44.705 [FXGL Background Thread 3 ] DEBUG Engine               - isWindows: true
18:00:44.705 [FXGL Background Thread 3 ] DEBUG Engine               - language: ObjectProperty [value: ENGLISH]
18:00:44.705 [FXGL Background Thread 3 ] DEBUG Engine               - menuKey: ESCAPE
18:00:44.706 [FXGL Background Thread 3 ] DEBUG Engine               - mouseSensitivity: 0.2
18:00:44.706 [FXGL Background Thread 3 ] DEBUG Engine               - notificationViewClass: class com.almasb.fxgl.notification.view.XboxNotificationView
18:00:44.706 [FXGL Background Thread 3 ] DEBUG Engine               - pixelsPerMeter: 50.0
18:00:44.707 [FXGL Background Thread 3 ] DEBUG Engine               - platform: WINDOWS
18:00:44.707 [FXGL Background Thread 3 ] DEBUG Engine               - prefHeightProperty: ReadOnlyDoubleProperty [value: 600.0]
18:00:44.707 [FXGL Background Thread 3 ] DEBUG Engine               - prefWidthProperty: ReadOnlyDoubleProperty [value: 800.0]
18:00:44.708 [FXGL Background Thread 3 ] DEBUG Engine               - profileDir: profiles/
18:00:44.709 [FXGL Background Thread 3 ] DEBUG Engine               - profileName: StringProperty [value: DEFAULT]
18:00:44.710 [FXGL Background Thread 3 ] DEBUG Engine               - randomSeed: -1
18:00:44.712 [FXGL Background Thread 3 ] DEBUG Engine               - runtimeInfo: RuntimeInfo(platform=WINDOWS, version=17.2, build=20.08.2022 16.50)
18:00:44.712 [FXGL Background Thread 3 ] DEBUG Engine               - saveFileExt: sav
18:00:44.713 [FXGL Background Thread 3 ] DEBUG Engine               - scaledHeightProp$fxgl: DoubleProperty [bound, value: 600.0]
18:00:44.713 [FXGL Background Thread 3 ] DEBUG Engine               - scaledWidthProp$fxgl: DoubleProperty [bound, value: 800.0]
18:00:44.714 [FXGL Background Thread 3 ] DEBUG Engine               - sceneFactory: com.almasb.fxgl.app.scene.SceneFactory@68300253
18:00:44.714 [FXGL Background Thread 3 ] DEBUG Engine               - secondsIn24h: 60
18:00:44.715 [FXGL Background Thread 3 ] DEBUG Engine               - soundMenuBack: menu/back.wav
18:00:44.716 [FXGL Background Thread 3 ] DEBUG Engine               - soundMenuPress: menu/press.wav
18:00:44.716 [FXGL Background Thread 3 ] DEBUG Engine               - soundMenuSelect: menu/select.wav
18:00:44.717 [FXGL Background Thread 3 ] DEBUG Engine               - soundNotification: core/notification.wav
18:00:44.718 [FXGL Background Thread 3 ] DEBUG Engine               - stageStyle: DECORATED
18:00:44.718 [FXGL Background Thread 3 ] DEBUG Engine               - supportedLanguages: [ENGLISH, FRENCH, GERMAN, HUNGARIAN, RUSSIAN]
18:00:44.718 [FXGL Background Thread 3 ] DEBUG Engine               - ticksPerSecond: -1
18:00:44.719 [FXGL Background Thread 3 ] DEBUG Engine               - title: Untitled
18:00:44.719 [FXGL Background Thread 3 ] DEBUG Engine               - urlGithub: https://github.com/AlmasB/FXGL
18:00:44.720 [FXGL Background Thread 3 ] DEBUG Engine               - urlLeaderboard: http://fxgl-top.herokuapp.com/
18:00:44.720 [FXGL Background Thread 3 ] DEBUG Engine               - urlPOM: https://raw.githubusercontent.com/AlmasB/FXGL/release/README.md
18:00:44.720 [FXGL Background Thread 3 ] DEBUG Engine               - userAppClass: class demo.attempt4.SimpleGameApp
18:00:44.721 [FXGL Background Thread 3 ] DEBUG Engine               - version: 0.0
18:00:44.721 [FXGL Background Thread 3 ] DEBUG Engine               - versionCheckDays: 7
18:00:44.721 [FXGL Background Thread 3 ] DEBUG Engine               - width: 800
18:00:44.721 [FXGL Background Thread 3 ] DEBUG Engine               - Logging services
18:00:44.722 [FXGL Background Thread 3 ] DEBUG Engine               - class com.almasb.fxgl.app.services.FXGLAssetLoaderService
18:00:44.722 [FXGL Background Thread 3 ] DEBUG Engine               - class com.almasb.fxgl.app.FXGLApplication$GameApplicationService
18:00:44.722 [FXGL Background Thread 3 ] DEBUG Engine               - class com.almasb.fxgl.app.services.FXGLDialogService
18:00:44.722 [FXGL Background Thread 3 ] DEBUG Engine               - class com.almasb.fxgl.app.services.IOTaskExecutorService
18:00:44.722 [FXGL Background Thread 3 ] DEBUG Engine               - class com.almasb.fxgl.io.FileSystemService
18:00:44.723 [FXGL Background Thread 3 ] DEBUG Engine               - class com.almasb.fxgl.localization.LocalizationService
18:00:44.723 [FXGL Background Thread 3 ] DEBUG Engine               - class com.almasb.fxgl.app.services.SystemBundleService
18:00:44.723 [FXGL Background Thread 3 ] DEBUG Engine               - class com.almasb.fxgl.profile.SaveLoadService
18:00:44.723 [FXGL Background Thread 3 ] DEBUG Engine               - class com.almasb.fxgl.ui.FXGLUIFactoryServiceProvider
18:00:44.723 [FXGL Background Thread 3 ] DEBUG Engine               - class com.almasb.fxgl.ui.FXGLDialogFactoryServiceProvider
18:00:44.723 [FXGL Background Thread 3 ] DEBUG Engine               - class com.almasb.fxgl.audio.AudioPlayer
18:00:44.724 [FXGL Background Thread 3 ] DEBUG Engine               - class com.almasb.fxgl.notification.impl.NotificationServiceProvider
18:00:44.724 [FXGL Background Thread 3 ] DEBUG Engine               - class com.almasb.fxgl.achievement.AchievementService
18:00:44.724 [FXGL Background Thread 3 ] DEBUG Engine               - class com.almasb.fxgl.cutscene.CutsceneService
18:00:44.724 [FXGL Background Thread 3 ] DEBUG Engine               - class com.almasb.fxgl.minigames.MiniGameService
18:00:44.724 [FXGL Background Thread 3 ] DEBUG Engine               - class com.almasb.fxgl.net.NetService
18:00:44.724 [FXGL Background Thread 3 ] DEBUG Engine               - class com.almasb.fxgl.app.services.UpdaterService
18:00:44.725 [FXGL Background Thread 3 ] DEBUG Engine               - class com.almasb.fxgl.dev.DevService
18:00:45.355 [JavaFX Application Thread] WARN  FXGLAssetLoaderServi - Asset "/assets/textures/balloom.png" was not found!
18:00:45.357 [JavaFX Application Thread] WARN  FXGLAssetLoaderServi - Failed to load IMAGE
18:00:45.360 [JavaFX Application Thread] WARN  FXGLAssetLoaderServi - Asset "/assets/textures/brick.png" was not found!
18:00:45.360 [JavaFX Application Thread] WARN  FXGLAssetLoaderServi - Failed to load IMAGE
18:00:46.043 [JavaFX Application Thread] WARN  FXGLAssetLoaderServi - Asset "/assets/textures/balloom.png" was not found!
18:00:46.043 [JavaFX Application Thread] WARN  FXGLAssetLoaderServi - Failed to load IMAGE
18:00:46.046 [JavaFX Application Thread] WARN  FXGLAssetLoaderServi - Asset "/assets/textures/brick.png" was not found!
18:00:46.047 [JavaFX Application Thread] WARN  FXGLAssetLoaderServi - Failed to load IMAGE
18:00:46.954 [JavaFX Application Thread] WARN  FXGLAssetLoaderServi - Asset "/assets/textures/balloom.png" was not found!
18:00:46.955 [JavaFX Application Thread] WARN  FXGLAssetLoaderServi - Failed to load IMAGE
18:00:46.957 [JavaFX Application Thread] WARN  FXGLAssetLoaderServi - Asset "/assets/textures/brick.png" was not found!
18:00:46.958 [JavaFX Application Thread] WARN  FXGLAssetLoaderServi - Failed to load IMAGE
18:00:47.631 [JavaFX Application Thread] DEBUG LoopRunner           - Pausing loop
18:02:15.126 [JavaFX Application Thread] DEBUG LoopRunner           - Resuming loop
18:02:15.490 [JavaFX Application Thread] WARN  FXGLAssetLoaderServi - Asset "/assets/textures/balloom.png" was not found!
18:02:15.491 [JavaFX Application Thread] WARN  FXGLAssetLoaderServi - Failed to load IMAGE
18:02:15.494 [JavaFX Application Thread] WARN  FXGLAssetLoaderServi - Asset "/assets/textures/brick.png" was not found!
18:02:15.495 [JavaFX Application Thread] WARN  FXGLAssetLoaderServi - Failed to load IMAGE
18:02:16.451 [JavaFX Application Thread] DEBUG FXGLApplication      - Exiting FXGL
18:02:16.452 [JavaFX Application Thread] DEBUG LoopRunner           - Stopping loop
18:02:16.452 [JavaFX Application Thread] DEBUG SystemBundleService  - Saving FXGL system data
18:02:16.463 [JavaFX Application Thread] DEBUG FileSystemAccess     - Writing to: G:\Duy\UET\OOP\Solo Projects\attempt4\system\fxgl.bundle
18:02:16.476 [JavaFX Application Thread] DEBUG Async                - Shutting down background threads
18:02:16.478 [JavaFX Application Thread] DEBUG PrimaryStageWindow   - Closing main window
18:02:16.572 [JavaFX Application Thread] DEBUG Logger               - Closing Logger
