17:57:58.991 [main                     ] DEBUG Logger               - Configured Logger
17:57:59.148 [main                     ] DEBUG GameApplication      - Logging settings
Title: Untitled
Version: 0.0
Width: 800
Height: 600
Fullscreen: false
Intro: false
Profiling: false
Single step:false
App Mode: DEVELOPER
Menu Key: ESCAPE
Stage Style: DECORATED
Scene Factory: class com.almasb.fxgl.app.scene.SceneFactory

17:58:01.168 [JavaFX Application Thread] DEBUG FXGLApplication      - Initializing FXGL
17:58:01.197 [JavaFX Application Thread] INFO  Engine               - FXGL-17.2 (20.08.2022 16.50) on WINDOWS (J:20.0.2 FX:18)
17:58:01.199 [JavaFX Application Thread] DEBUG Engine               - JRE Vendor Name: Oracle Corporation
17:58:01.201 [JavaFX Application Thread] DEBUG Engine               - Running on OS: Windows 10 version 10.0
17:58:01.201 [JavaFX Application Thread] DEBUG Engine               - Architecture: amd64
17:58:01.202 [JavaFX Application Thread] INFO  Engine               - Source code and latest versions at: https://github.com/AlmasB/FXGL
17:58:01.203 [JavaFX Application Thread] INFO  Engine               -       Ask questions and discuss at: https://github.com/AlmasB/FXGL/discussions
17:58:01.204 [JavaFX Application Thread] INFO  Engine               -              Join the FXGL chat at: https://gitter.im/AlmasB/FXGL
17:58:01.814 [JavaFX Application Thread] DEBUG PrimaryStageWindow   - Creating a JavaFX scene
17:58:02.015 [JavaFX Application Thread] DEBUG PrimaryStageWindow   - Target settings size: 800.0 x 600.0
17:58:02.016 [JavaFX Application Thread] DEBUG PrimaryStageWindow   - Scaled scene size:    800.0 x 600.0
17:58:02.018 [JavaFX Application Thread] DEBUG PrimaryStageWindow   - Scaled ratio: (1.0, 1.0)
17:58:02.022 [JavaFX Application Thread] DEBUG PrimaryStageWindow   - Set initial scene to FXGLStartupScene
17:58:02.051 [JavaFX Application Thread] DEBUG PrimaryStageWindow   - Opening main window
17:58:02.433 [JavaFX Application Thread] DEBUG PrimaryStageWindow   - Window border size: (14.66668701171875, 37.33331298828125)
17:58:02.435 [JavaFX Application Thread] DEBUG PrimaryStageWindow   - Scaled size: 800.0 x 600.0
17:58:02.436 [JavaFX Application Thread] DEBUG PrimaryStageWindow   - Scaled ratio: (1.0, 1.0)
17:58:02.439 [JavaFX Application Thread] DEBUG PrimaryStageWindow   - Scene size: 800.0 x 600.0
17:58:02.440 [JavaFX Application Thread] DEBUG PrimaryStageWindow   - Stage size: 814.6666870117188 x 637.3333129882812
17:58:02.489 [FXGL Background Thread 1 ] DEBUG Engine               - Initializing environment variables
17:58:02.797 [FXGL Background Thread 1 ] DEBUG FXGLAssetLoaderServi - User app class for loading assets: class demo.attempt4.SimpleGameApp
17:58:02.799 [FXGL Background Thread 1 ] DEBUG GameApplicationServi - Applying CSS: fxgl_dark.css
17:58:02.804 [FXGL Background Thread 1 ] DEBUG FXGLAssetLoaderServi - Loading from file system: jar:file:///C:/Users/APC/.m2/repository/com/github/almasb/fxgl/17.2/fxgl-17.2.jar!/fxglassets/ui/css/fxgl_dark.css
17:58:03.099 [FXGL Background Thread 1 ] DEBUG GameApplicationServi - Initializing application scenes
17:58:03.278 [FXGL Background Thread 1 ] DEBUG GameWorld            - Game world initialized
17:58:03.633 [FXGL Background Thread 1 ] DEBUG PhysicsWorld         - Physics world initialized: appHeight=600, physics.ppm=50.0
17:58:03.635 [FXGL Background Thread 1 ] DEBUG PhysicsWorld         - Using strategy: BRUTE_FORCE
17:58:03.659 [FXGL Background Thread 1 ] DEBUG GameScene            - Game scene initialized: 800x600
17:58:03.740 [FXGL Background Thread 1 ] DEBUG FXGL.DefaultMenu     - createMenuBodyGameMenu()
17:58:03.815 [FXGL Background Thread 1 ] DEBUG FXGL.DefaultMenu     - createOptionsMenu()
17:58:03.879 [FXGL Background Thread 1 ] DEBUG FXGLAssetLoaderServi - Loading from file system: jar:file:///C:/Users/APC/.m2/repository/com/github/almasb/fxgl/17.2/fxgl-17.2.jar!/fxglassets/textures/particles/smoke.png
17:58:04.534 [FXGL Background Thread 1 ] DEBUG FXGLAssetLoaderServi - Loading from file system: jar:file:///C:/Users/APC/.m2/repository/com/github/almasb/fxgl/17.2/fxgl-17.2.jar!/fxglassets/textures/particles/trace_horizontal.png
17:58:04.816 [FXGL Background Thread 1 ] DEBUG GameApplicationServi - Application scenes initialized
17:58:04.959 [FXGL Background Thread 1 ] DEBUG SystemBundleService  - Loading default FXGL system data
17:58:04.961 [FXGL Background Thread 1 ] DEBUG UpdaterService       - Checking for updates
17:58:04.990 [FXGL Background Thread 4 ] DEBUG FXGLApplication      - Loading fonts
17:58:04.993 [FXGL Background Thread 1 ] DEBUG FXGLApplication      - Loading default localization
17:58:04.994 [FXGL Background Thread 4 ] DEBUG FXGLAssetLoaderServi - Loading from file system: jar:file:///C:/Users/APC/.m2/repository/com/github/almasb/fxgl/17.2/fxgl-17.2.jar!/fxglassets/ui/fonts/VarelaRound-Regular.ttf
17:58:04.997 [FXGL Background Thread 1 ] DEBUG FXGLAssetLoaderServi - Loading from file system: jar:file:///C:/Users/APC/.m2/repository/com/github/almasb/fxgl/17.2/fxgl-17.2.jar!/fxglassets/languages/english.lang
17:58:05.128 [FXGL Background Thread 1 ] INFO  FXGLApplication      - FXGL initialization took: 2.637 sec
17:58:05.135 [JavaFX Application Thread] DEBUG FXGLAssetLoaderServi - Loading from file system: jar:file:///C:/Users/APC/.m2/repository/com/github/almasb/fxgl/17.2/fxgl-17.2.jar!/fxglassets/textures/fxgl_icon.png
17:58:05.240 [JavaFX Application Thread] DEBUG FXGLAssetLoaderServi - Loading from file system: jar:file:///C:/Users/APC/.m2/repository/com/github/almasb/fxgl/17.2/fxgl-17.2.jar!/fxglassets/textures/fxgl_default_cursor.png
17:58:05.303 [JavaFX Application Thread] DEBUG Input                - Registered new binding: Screenshot - CTRL+8
17:58:05.309 [JavaFX Application Thread] DEBUG Input                - Registered new binding: System info dump - CTRL+9
17:58:05.320 [JavaFX Application Thread] DEBUG Input                - Registered new binding: Restart - CTRL+R
17:58:05.323 [JavaFX Application Thread] DEBUG Input                - Registered new binding: Toggle Debug Camera - CTRL+7
17:58:05.363 [JavaFX Application Thread] DEBUG LoopRunner           - Starting loop
17:58:05.364 [JavaFX Application Thread] DEBUG LoopRunner           - Initializing JavaFX AnimationTimerLoop
17:58:05.376 [JavaFX Application Thread] DEBUG GameApplicationServi - Starting new game
17:58:05.381 [JavaFX Application Thread] DEBUG Input                - Clearing active input actions
17:58:05.410 [FXGL Background Thread 4 ] DEBUG FXGLAssetLoaderServi - Loading from file system: jar:file:///C:/Users/APC/.m2/repository/com/github/almasb/fxgl/17.2/fxgl-17.2.jar!/fxglassets/ui/fonts/Abel-Regular.ttf
17:58:05.464 [JavaFX Application Thread] DEBUG GameApplicationServi - Removing overlay from FXGLStartupScene and adding to FXGLLoadingScene
17:58:05.465 [FXGL Background Thread 4 ] DEBUG FXGLAssetLoaderServi - Loading from file system: jar:file:///C:/Users/APC/.m2/repository/com/github/almasb/fxgl/17.2/fxgl-17.2.jar!/fxglassets/ui/fonts/TerminalLandMono-Regular.otf
17:58:05.466 [JavaFX Application Thread] DEBUG PrimaryStageWindow   - FXGLStartupScene -> FXGLLoadingScene
17:58:05.467 [JavaFX Application Thread] DEBUG GameApplicationServi - Clearing previous game
17:58:05.467 [JavaFX Application Thread] DEBUG GameScene            - Clearing game scene
17:58:05.468 [JavaFX Application Thread] DEBUG GameWorld            - Clearing game world
17:58:05.468 [JavaFX Application Thread] DEBUG PhysicsWorld         - Clearing physics world
17:58:05.475 [FXGL Background Thread 1 ] DEBUG FXGLApplication      - Initializing game
17:58:05.557 [FXGL Background Thread 4 ] DEBUG FXGLAssetLoaderServi - Loading from file system: jar:file:///C:/Users/APC/.m2/repository/com/github/almasb/fxgl/17.2/fxgl-17.2.jar!/fxglassets/ui/fonts/Courier-Prime.ttf
17:58:05.569 [FXGL Background Thread 1 ] INFO  FXGLApplication      - Game initialization took: 0.093 sec
17:58:05.760 [JavaFX Application Thread] DEBUG Input                - Clearing active input actions
17:58:05.794 [JavaFX Application Thread] DEBUG GameApplicationServi - Removing overlay from FXGLLoadingScene and adding to GameScene
17:58:05.796 [JavaFX Application Thread] DEBUG PrimaryStageWindow   - FXGLLoadingScene -> GameScene
17:58:05.797 [JavaFX Application Thread] DEBUG FXGLApplication      - Registering font factories with UI factory
17:58:07.453 [JavaFX Application Thread] WARN  FXGLAssetLoaderServi - Asset "/assets/textures/balloom.png" was not found!
17:58:07.454 [JavaFX Application Thread] WARN  FXGLAssetLoaderServi - Failed to load IMAGE
17:58:07.745 [JavaFX Application Thread] WARN  FXGLAssetLoaderServi - Asset "/assets/textures/brick.png" was not found!
17:58:07.746 [JavaFX Application Thread] WARN  FXGLAssetLoaderServi - Failed to load IMAGE
17:58:08.043 [FXGL Background Thread 3 ] DEBUG Engine               - Logging environment variables
17:58:08.047 [FXGL Background Thread 3 ] DEBUG Engine               - achievements: []
17:58:08.047 [FXGL Background Thread 3 ] DEBUG Engine               - actualHeight: 600.0
17:58:08.048 [FXGL Background Thread 3 ] DEBUG Engine               - actualHeightProperty: ReadOnlyDoubleProperty [value: 600.0]
17:58:08.049 [FXGL Background Thread 3 ] DEBUG Engine               - actualWidth: 800.0
17:58:08.049 [FXGL Background Thread 3 ] DEBUG Engine               - actualWidthProperty: ReadOnlyDoubleProperty [value: 800.0]
17:58:08.050 [FXGL Background Thread 3 ] DEBUG Engine               - appIcon: fxgl_icon.png
17:58:08.050 [FXGL Background Thread 3 ] DEBUG Engine               - applicationMode: DEVELOPER
17:58:08.050 [FXGL Background Thread 3 ] DEBUG Engine               - cSSList: [fxgl_dark.css]
17:58:08.051 [FXGL Background Thread 3 ] DEBUG Engine               - collisionDetectionStrategy: BRUTE_FORCE
17:58:08.051 [FXGL Background Thread 3 ] DEBUG Engine               - configClass: Optional.empty
17:58:08.052 [FXGL Background Thread 3 ] DEBUG Engine               - credits: []
17:58:08.054 [FXGL Background Thread 3 ] DEBUG Engine               - defaultCursor: CursorInfo(imageName=fxgl_default_cursor.png, hotspotX=7.0, hotspotY=6.0)
17:58:08.055 [FXGL Background Thread 3 ] DEBUG Engine               - devBBoxColorProperty: ObjectProperty [value: 0xff0000ff]
17:58:08.056 [FXGL Background Thread 3 ] DEBUG Engine               - devEnableDebugCameraProperty: BooleanProperty [value: false]
17:58:08.056 [FXGL Background Thread 3 ] DEBUG Engine               - devSensorColorProperty: ObjectProperty [value: 0xffff00ff]
17:58:08.057 [FXGL Background Thread 3 ] DEBUG Engine               - devShowBBoxProperty: BooleanProperty [value: false]
17:58:08.057 [FXGL Background Thread 3 ] DEBUG Engine               - devShowPositionProperty: BooleanProperty [value: false]
17:58:08.058 [FXGL Background Thread 3 ] DEBUG Engine               - enabledMenuItems: []
17:58:08.059 [FXGL Background Thread 3 ] DEBUG Engine               - engineServices: [class com.almasb.fxgl.app.services.FXGLAssetLoaderService, class com.almasb.fxgl.app.FXGLApplication$GameApplicationService, class com.almasb.fxgl.app.services.FXGLDialogService, class com.almasb.fxgl.app.services.IOTaskExecutorService, class com.almasb.fxgl.io.FileSystemService, class com.almasb.fxgl.localization.LocalizationService, class com.almasb.fxgl.app.services.SystemBundleService, class com.almasb.fxgl.profile.SaveLoadService, class com.almasb.fxgl.ui.FXGLUIFactoryServiceProvider, class com.almasb.fxgl.ui.FXGLDialogFactoryServiceProvider, class com.almasb.fxgl.audio.AudioPlayer, class com.almasb.fxgl.notification.impl.NotificationServiceProvider, class com.almasb.fxgl.achievement.AchievementService, class com.almasb.fxgl.cutscene.CutsceneService, class com.almasb.fxgl.minigames.MiniGameService, class com.almasb.fxgl.net.NetService, class com.almasb.fxgl.app.services.UpdaterService, class com.almasb.fxgl.dev.DevService]
17:58:08.060 [FXGL Background Thread 3 ] DEBUG Engine               - fontGame: Abel-Regular.ttf
17:58:08.060 [FXGL Background Thread 3 ] DEBUG Engine               - fontMono: TerminalLandMono-Regular.otf
17:58:08.060 [FXGL Background Thread 3 ] DEBUG Engine               - fontText: Courier-Prime.ttf
17:58:08.061 [FXGL Background Thread 3 ] DEBUG Engine               - fontUI: VarelaRound-Regular.ttf
17:58:08.062 [FXGL Background Thread 3 ] DEBUG Engine               - fullScreen: BooleanProperty [value: false]
17:58:08.062 [FXGL Background Thread 3 ] DEBUG Engine               - gameDifficulty: MEDIUM
17:58:08.062 [FXGL Background Thread 3 ] DEBUG Engine               - gameDifficultyProperty: ObjectProperty [value: MEDIUM]
17:58:08.063 [FXGL Background Thread 3 ] DEBUG Engine               - globalMusicVolume: 0.5
17:58:08.064 [FXGL Background Thread 3 ] DEBUG Engine               - globalMusicVolumeProperty: DoubleProperty [value: 0.5]
17:58:08.065 [FXGL Background Thread 3 ] DEBUG Engine               - globalSoundVolume: 0.5
17:58:08.066 [FXGL Background Thread 3 ] DEBUG Engine               - globalSoundVolumeProperty: DoubleProperty [value: 0.5]
17:58:08.067 [FXGL Background Thread 3 ] DEBUG Engine               - height: 600
17:58:08.067 [FXGL Background Thread 3 ] DEBUG Engine               - is3D: false
17:58:08.067 [FXGL Background Thread 3 ] DEBUG Engine               - isAndroid: false
17:58:08.068 [FXGL Background Thread 3 ] DEBUG Engine               - isBrowser: false
17:58:08.068 [FXGL Background Thread 3 ] DEBUG Engine               - isClickFeedbackEnabled: false
17:58:08.069 [FXGL Background Thread 3 ] DEBUG Engine               - isCloseConfirmation: false
17:58:08.080 [FXGL Background Thread 3 ] DEBUG Engine               - isDesktop: true
17:58:08.081 [FXGL Background Thread 3 ] DEBUG Engine               - isDeveloperMenuEnabled: false
17:58:08.081 [FXGL Background Thread 3 ] DEBUG Engine               - isEmbedded: false
17:58:08.082 [FXGL Background Thread 3 ] DEBUG Engine               - isEntityPreloadEnabled: true
17:58:08.082 [FXGL Background Thread 3 ] DEBUG Engine               - isExperimentalTiledLargeMap: false
17:58:08.083 [FXGL Background Thread 3 ] DEBUG Engine               - isFileSystemWriteAllowed: true
17:58:08.083 [FXGL Background Thread 3 ] DEBUG Engine               - isFullScreenAllowed: false
17:58:08.084 [FXGL Background Thread 3 ] DEBUG Engine               - isFullScreenFromStart: false
17:58:08.084 [FXGL Background Thread 3 ] DEBUG Engine               - isGameMenuEnabled: true
17:58:08.085 [FXGL Background Thread 3 ] DEBUG Engine               - isIOS: false
17:58:08.085 [FXGL Background Thread 3 ] DEBUG Engine               - isIntroEnabled: false
17:58:08.086 [FXGL Background Thread 3 ] DEBUG Engine               - isLinux: false
17:58:08.086 [FXGL Background Thread 3 ] DEBUG Engine               - isMac: false
17:58:08.132 [FXGL Background Thread 3 ] DEBUG Engine               - isMainMenuEnabled: false
17:58:08.133 [FXGL Background Thread 3 ] DEBUG Engine               - isManualResizeEnabled: false
17:58:08.223 [FXGL Background Thread 3 ] DEBUG Engine               - isMobile: false
17:58:08.223 [FXGL Background Thread 3 ] DEBUG Engine               - isNative: false
17:58:08.224 [FXGL Background Thread 3 ] DEBUG Engine               - isPauseMusicWhenMinimized: true
17:58:08.224 [FXGL Background Thread 3 ] DEBUG Engine               - isPreserveResizeRatio: false
17:58:08.225 [FXGL Background Thread 3 ] DEBUG Engine               - isProfilingEnabled: false
17:58:08.226 [FXGL Background Thread 3 ] DEBUG Engine               - isScaleAffectedOnResize: true
17:58:08.227 [FXGL Background Thread 3 ] DEBUG Engine               - isSingleStep: false
17:58:08.227 [FXGL Background Thread 3 ] DEBUG Engine               - isUserProfileEnabled: false
17:58:08.228 [FXGL Background Thread 3 ] DEBUG Engine               - isWindows: true
17:58:08.228 [FXGL Background Thread 3 ] DEBUG Engine               - language: ObjectProperty [value: ENGLISH]
17:58:08.229 [FXGL Background Thread 3 ] DEBUG Engine               - menuKey: ESCAPE
17:58:08.229 [FXGL Background Thread 3 ] DEBUG Engine               - mouseSensitivity: 0.2
17:58:08.229 [FXGL Background Thread 3 ] DEBUG Engine               - notificationViewClass: class com.almasb.fxgl.notification.view.XboxNotificationView
17:58:08.230 [FXGL Background Thread 3 ] DEBUG Engine               - pixelsPerMeter: 50.0
17:58:08.231 [FXGL Background Thread 3 ] DEBUG Engine               - platform: WINDOWS
17:58:08.232 [FXGL Background Thread 3 ] DEBUG Engine               - prefHeightProperty: ReadOnlyDoubleProperty [value: 600.0]
17:58:08.232 [FXGL Background Thread 3 ] DEBUG Engine               - prefWidthProperty: ReadOnlyDoubleProperty [value: 800.0]
17:58:08.233 [FXGL Background Thread 3 ] DEBUG Engine               - profileDir: profiles/
17:58:08.234 [FXGL Background Thread 3 ] DEBUG Engine               - profileName: StringProperty [value: DEFAULT]
17:58:08.234 [FXGL Background Thread 3 ] DEBUG Engine               - randomSeed: -1
17:58:08.236 [FXGL Background Thread 3 ] DEBUG Engine               - runtimeInfo: RuntimeInfo(platform=WINDOWS, version=17.2, build=20.08.2022 16.50)
17:58:08.237 [FXGL Background Thread 3 ] DEBUG Engine               - saveFileExt: sav
17:58:08.237 [FXGL Background Thread 3 ] DEBUG Engine               - scaledHeightProp$fxgl: DoubleProperty [bound, value: 600.0]
17:58:08.237 [FXGL Background Thread 3 ] DEBUG Engine               - scaledWidthProp$fxgl: DoubleProperty [bound, value: 800.0]
17:58:08.238 [FXGL Background Thread 3 ] DEBUG Engine               - sceneFactory: com.almasb.fxgl.app.scene.SceneFactory@22868bea
17:58:08.238 [FXGL Background Thread 3 ] DEBUG Engine               - secondsIn24h: 60
17:58:08.239 [FXGL Background Thread 3 ] DEBUG Engine               - soundMenuBack: menu/back.wav
17:58:08.239 [FXGL Background Thread 3 ] DEBUG Engine               - soundMenuPress: menu/press.wav
17:58:08.239 [FXGL Background Thread 3 ] DEBUG Engine               - soundMenuSelect: menu/select.wav
17:58:08.240 [FXGL Background Thread 3 ] DEBUG Engine               - soundNotification: core/notification.wav
17:58:08.240 [FXGL Background Thread 3 ] DEBUG Engine               - stageStyle: DECORATED
17:58:08.240 [FXGL Background Thread 3 ] DEBUG Engine               - supportedLanguages: [ENGLISH, FRENCH, GERMAN, HUNGARIAN, RUSSIAN]
17:58:08.241 [FXGL Background Thread 3 ] DEBUG Engine               - ticksPerSecond: -1
17:58:08.241 [FXGL Background Thread 3 ] DEBUG Engine               - title: Untitled
17:58:08.241 [FXGL Background Thread 3 ] DEBUG Engine               - urlGithub: https://github.com/AlmasB/FXGL
17:58:08.242 [FXGL Background Thread 3 ] DEBUG Engine               - urlLeaderboard: http://fxgl-top.herokuapp.com/
17:58:08.242 [FXGL Background Thread 3 ] DEBUG Engine               - urlPOM: https://raw.githubusercontent.com/AlmasB/FXGL/release/README.md
17:58:08.242 [FXGL Background Thread 3 ] DEBUG Engine               - userAppClass: class demo.attempt4.SimpleGameApp
17:58:08.243 [FXGL Background Thread 3 ] DEBUG Engine               - version: 0.0
17:58:08.243 [FXGL Background Thread 3 ] DEBUG Engine               - versionCheckDays: 7
17:58:08.244 [FXGL Background Thread 3 ] DEBUG Engine               - width: 800
17:58:08.244 [FXGL Background Thread 3 ] DEBUG Engine               - Logging services
17:58:08.244 [FXGL Background Thread 3 ] DEBUG Engine               - class com.almasb.fxgl.app.services.FXGLAssetLoaderService
17:58:08.245 [FXGL Background Thread 3 ] DEBUG Engine               - class com.almasb.fxgl.app.FXGLApplication$GameApplicationService
17:58:08.245 [FXGL Background Thread 3 ] DEBUG Engine               - class com.almasb.fxgl.app.services.FXGLDialogService
17:58:08.245 [FXGL Background Thread 3 ] DEBUG Engine               - class com.almasb.fxgl.app.services.IOTaskExecutorService
17:58:08.246 [FXGL Background Thread 3 ] DEBUG Engine               - class com.almasb.fxgl.io.FileSystemService
17:58:08.246 [FXGL Background Thread 3 ] DEBUG Engine               - class com.almasb.fxgl.localization.LocalizationService
17:58:08.247 [FXGL Background Thread 3 ] DEBUG Engine               - class com.almasb.fxgl.app.services.SystemBundleService
17:58:08.247 [FXGL Background Thread 3 ] DEBUG Engine               - class com.almasb.fxgl.profile.SaveLoadService
17:58:08.247 [FXGL Background Thread 3 ] DEBUG Engine               - class com.almasb.fxgl.ui.FXGLUIFactoryServiceProvider
17:58:08.247 [FXGL Background Thread 3 ] DEBUG Engine               - class com.almasb.fxgl.ui.FXGLDialogFactoryServiceProvider
17:58:08.248 [FXGL Background Thread 3 ] DEBUG Engine               - class com.almasb.fxgl.audio.AudioPlayer
17:58:08.249 [FXGL Background Thread 3 ] DEBUG Engine               - class com.almasb.fxgl.notification.impl.NotificationServiceProvider
17:58:08.250 [FXGL Background Thread 3 ] DEBUG Engine               - class com.almasb.fxgl.achievement.AchievementService
17:58:08.250 [FXGL Background Thread 3 ] DEBUG Engine               - class com.almasb.fxgl.cutscene.CutsceneService
17:58:08.250 [FXGL Background Thread 3 ] DEBUG Engine               - class com.almasb.fxgl.minigames.MiniGameService
17:58:08.251 [FXGL Background Thread 3 ] DEBUG Engine               - class com.almasb.fxgl.net.NetService
17:58:08.251 [FXGL Background Thread 3 ] DEBUG Engine               - class com.almasb.fxgl.app.services.UpdaterService
17:58:08.252 [FXGL Background Thread 3 ] DEBUG Engine               - class com.almasb.fxgl.dev.DevService
17:58:08.880 [JavaFX Application Thread] WARN  FXGLAssetLoaderServi - Asset "/assets/textures/balloom.png" was not found!
17:58:08.881 [JavaFX Application Thread] WARN  FXGLAssetLoaderServi - Failed to load IMAGE
17:58:08.887 [JavaFX Application Thread] WARN  FXGLAssetLoaderServi - Asset "/assets/textures/brick.png" was not found!
17:58:08.887 [JavaFX Application Thread] WARN  FXGLAssetLoaderServi - Failed to load IMAGE
17:58:09.523 [JavaFX Application Thread] WARN  FXGLAssetLoaderServi - Asset "/assets/textures/balloom.png" was not found!
17:58:09.524 [JavaFX Application Thread] WARN  FXGLAssetLoaderServi - Failed to load IMAGE
17:58:09.527 [JavaFX Application Thread] WARN  FXGLAssetLoaderServi - Asset "/assets/textures/brick.png" was not found!
17:58:09.528 [JavaFX Application Thread] WARN  FXGLAssetLoaderServi - Failed to load IMAGE
17:58:10.091 [FXGL Background Thread 2 ] INFO  UpdaterService       - Your current version:  17.2
17:58:10.092 [FXGL Background Thread 2 ] INFO  UpdaterService       - Latest stable version: 17.3
17:58:10.110 [JavaFX Application Thread] WARN  FXGLAssetLoaderServi - Asset "/assets/textures/balloom.png" was not found!
17:58:10.111 [JavaFX Application Thread] WARN  FXGLAssetLoaderServi - Failed to load IMAGE
17:58:10.115 [JavaFX Application Thread] WARN  FXGLAssetLoaderServi - Asset "/assets/textures/brick.png" was not found!
17:58:10.116 [JavaFX Application Thread] WARN  FXGLAssetLoaderServi - Failed to load IMAGE
17:58:10.784 [JavaFX Application Thread] WARN  FXGLAssetLoaderServi - Asset "/assets/textures/balloom.png" was not found!
17:58:10.786 [JavaFX Application Thread] WARN  FXGLAssetLoaderServi - Failed to load IMAGE
17:58:10.791 [JavaFX Application Thread] WARN  FXGLAssetLoaderServi - Asset "/assets/textures/brick.png" was not found!
17:58:10.792 [JavaFX Application Thread] WARN  FXGLAssetLoaderServi - Failed to load IMAGE
17:58:11.457 [JavaFX Application Thread] WARN  FXGLAssetLoaderServi - Asset "/assets/textures/balloom.png" was not found!
17:58:11.458 [JavaFX Application Thread] WARN  FXGLAssetLoaderServi - Failed to load IMAGE
17:58:11.461 [JavaFX Application Thread] WARN  FXGLAssetLoaderServi - Asset "/assets/textures/brick.png" was not found!
17:58:11.461 [JavaFX Application Thread] WARN  FXGLAssetLoaderServi - Failed to load IMAGE
17:58:12.288 [JavaFX Application Thread] WARN  FXGLAssetLoaderServi - Asset "/assets/textures/balloom.png" was not found!
17:58:12.289 [JavaFX Application Thread] WARN  FXGLAssetLoaderServi - Failed to load IMAGE
17:58:12.291 [JavaFX Application Thread] WARN  FXGLAssetLoaderServi - Asset "/assets/textures/brick.png" was not found!
17:58:12.292 [JavaFX Application Thread] WARN  FXGLAssetLoaderServi - Failed to load IMAGE
17:58:13.278 [JavaFX Application Thread] WARN  FXGLAssetLoaderServi - Asset "/assets/textures/balloom.png" was not found!
17:58:13.279 [JavaFX Application Thread] WARN  FXGLAssetLoaderServi - Failed to load IMAGE
17:58:13.282 [JavaFX Application Thread] WARN  FXGLAssetLoaderServi - Asset "/assets/textures/brick.png" was not found!
17:58:13.283 [JavaFX Application Thread] WARN  FXGLAssetLoaderServi - Failed to load IMAGE
17:58:14.271 [JavaFX Application Thread] WARN  FXGLAssetLoaderServi - Asset "/assets/textures/balloom.png" was not found!
17:58:14.272 [JavaFX Application Thread] WARN  FXGLAssetLoaderServi - Failed to load IMAGE
17:58:14.274 [JavaFX Application Thread] WARN  FXGLAssetLoaderServi - Asset "/assets/textures/brick.png" was not found!
17:58:14.275 [JavaFX Application Thread] WARN  FXGLAssetLoaderServi - Failed to load IMAGE
17:58:15.105 [JavaFX Application Thread] DEBUG FXGLApplication      - Exiting FXGL
17:58:15.105 [JavaFX Application Thread] DEBUG LoopRunner           - Stopping loop
17:58:15.105 [JavaFX Application Thread] DEBUG SystemBundleService  - Saving FXGL system data
17:58:15.117 [JavaFX Application Thread] DEBUG FileSystemAccess     - Writing to: G:\Duy\UET\OOP\Solo Projects\attempt4\system\fxgl.bundle
17:58:15.151 [JavaFX Application Thread] DEBUG Async                - Shutting down background threads
17:58:15.152 [JavaFX Application Thread] DEBUG PrimaryStageWindow   - Closing main window
17:58:15.223 [JavaFX Application Thread] DEBUG Logger               - Closing Logger
